2024-12-02 15:09:03,498 [Worker-4: Loading available Gradle versions] INFO  o.e.b.c.i.u.g.PublishedGradleVersions - Gradle version information cache is up-to-date. Trying to read.
2024-12-02 15:09:28,630 [Worker-3: Importing Maven projects] INFO  o.e.m.c.i.l.LifecycleMappingFactory - Using org.eclipse.m2e.jdt.JarLifecycleMapping lifecycle mapping for MavenProject: com.quipux:Colegio:0.0.1-SNAPSHOT @ /home/semillero/proyecto-colegio-quipux/fuentes/backend/Colegio/pom.xml.
2024-12-02 15:09:33,030 [Worker-3: Importing Maven projects] INFO  o.e.m.j.i.AbstractJavaProjectConfigurator - Adding source folder /Colegio/src/main/java
2024-12-02 15:09:33,031 [Worker-3: Importing Maven projects] INFO  o.e.m.j.i.AbstractJavaProjectConfigurator - Adding resource folder /Colegio/src/main/resources
2024-12-02 15:09:33,031 [Worker-3: Importing Maven projects] INFO  o.e.m.j.i.AbstractJavaProjectConfigurator - Adding source folder /Colegio/src/test/java
2024-12-02 15:09:33,032 [Worker-3: Importing Maven projects] INFO  o.e.m.j.i.AbstractJavaProjectConfigurator - Adding resource folder /Colegio/src/test/resources
2024-12-02 15:09:33,969 [Worker-3: Importing Maven projects] INFO  o.e.m.c.i.p.ProjectConfigurationManager - Imported and configured 1 project(s) in 9 sec
2024-12-02 15:09:40,869 [Worker-4: Building] WARN  o.a.m.s.f.DefaultMavenResourcesFiltering - Using platform encoding (UTF-8 actually) to copy filtered resources, i.e. build is platform dependent!
2024-12-02 15:09:40,947 [Worker-4: Building] INFO  o.a.m.s.f.DefaultMavenResourcesFiltering - Copying 1 resource from src/main/resources to target/classes
2024-12-02 15:09:41,063 [Worker-4: Building] WARN  o.a.m.s.f.DefaultMavenResourcesFiltering - Using platform encoding (UTF-8 actually) to copy filtered resources, i.e. build is platform dependent!
2024-12-02 15:09:41,063 [Worker-4: Building] INFO  o.a.m.s.f.DefaultMavenResourcesFiltering - skip non existing resourceDirectory /home/semillero/proyecto-colegio-quipux/fuentes/backend/Colegio/src/test/resources
2024-12-02 15:10:00,671 [Worker-0: Launching Executing install in _home_semillero_proyecto-colegio-quipux_fuentes_backend_Colegio] INFO  o.eclipse.m2e.core.internal.Bundles - getClasspathEntries(Bundle=org.eclipse.m2e.maven.runtime_3.9.900.20240824-1409 [640])
2024-12-02 15:10:00,672 [Worker-0: Launching Executing install in _home_semillero_proyecto-colegio-quipux_fuentes_backend_Colegio] INFO  o.eclipse.m2e.core.internal.Bundles - 	Entry: /home/semillero/.p2/pool/plugins/org.eclipse.m2e.maven.runtime_3.9.900.20240824-1409
2024-12-02 15:10:00,672 [Worker-0: Launching Executing install in _home_semillero_proyecto-colegio-quipux_fuentes_backend_Colegio] INFO  o.eclipse.m2e.core.internal.Bundles - 	Entry: /home/semillero/.p2/pool/plugins/org.eclipse.m2e.maven.runtime_3.9.900.20240824-1409/jars/aopalliance-1.0.jar
2024-12-02 15:10:00,672 [Worker-0: Launching Executing install in _home_semillero_proyecto-colegio-quipux_fuentes_backend_Colegio] INFO  o.eclipse.m2e.core.internal.Bundles - 	Entry: /home/semillero/.p2/pool/plugins/org.eclipse.m2e.maven.runtime_3.9.900.20240824-1409/jars/guice-5.1.0.jar
2024-12-02 15:10:00,672 [Worker-0: Launching Executing install in _home_semillero_proyecto-colegio-quipux_fuentes_backend_Colegio] INFO  o.eclipse.m2e.core.internal.Bundles - 	Entry: /home/semillero/.p2/pool/plugins/org.eclipse.m2e.maven.runtime_3.9.900.20240824-1409/jars/httpclient-4.5.14.jar
2024-12-02 15:10:00,672 [Worker-0: Launching Executing install in _home_semillero_proyecto-colegio-quipux_fuentes_backend_Colegio] INFO  o.eclipse.m2e.core.internal.Bundles - 	Entry: /home/semillero/.p2/pool/plugins/org.eclipse.m2e.maven.runtime_3.9.900.20240824-1409/jars/httpcore-4.4.16.jar
2024-12-02 15:10:00,672 [Worker-0: Launching Executing install in _home_semillero_proyecto-colegio-quipux_fuentes_backend_Colegio] INFO  o.eclipse.m2e.core.internal.Bundles - 	Entry: /home/semillero/.p2/pool/plugins/org.eclipse.m2e.maven.runtime_3.9.900.20240824-1409/jars/jansi-2.4.1.jar
2024-12-02 15:10:00,672 [Worker-0: Launching Executing install in _home_semillero_proyecto-colegio-quipux_fuentes_backend_Colegio] INFO  o.eclipse.m2e.core.internal.Bundles - 	Entry: /home/semillero/.p2/pool/plugins/org.eclipse.m2e.maven.runtime_3.9.900.20240824-1409/jars/jcl-over-slf4j-1.7.36.jar
2024-12-02 15:10:00,672 [Worker-0: Launching Executing install in _home_semillero_proyecto-colegio-quipux_fuentes_backend_Colegio] INFO  o.eclipse.m2e.core.internal.Bundles - 	Entry: /home/semillero/.p2/pool/plugins/org.eclipse.m2e.maven.runtime_3.9.900.20240824-1409/jars/maven-artifact-3.9.9.jar
2024-12-02 15:10:00,672 [Worker-0: Launching Executing install in _home_semillero_proyecto-colegio-quipux_fuentes_backend_Colegio] INFO  o.eclipse.m2e.core.internal.Bundles - 	Entry: /home/semillero/.p2/pool/plugins/org.eclipse.m2e.maven.runtime_3.9.900.20240824-1409/jars/maven-builder-support-3.9.9.jar
2024-12-02 15:10:00,672 [Worker-0: Launching Executing install in _home_semillero_proyecto-colegio-quipux_fuentes_backend_Colegio] INFO  o.eclipse.m2e.core.internal.Bundles - 	Entry: /home/semillero/.p2/pool/plugins/org.eclipse.m2e.maven.runtime_3.9.900.20240824-1409/jars/maven-compat-3.9.9.jar
2024-12-02 15:10:00,672 [Worker-0: Launching Executing install in _home_semillero_proyecto-colegio-quipux_fuentes_backend_Colegio] INFO  o.eclipse.m2e.core.internal.Bundles - 	Entry: /home/semillero/.p2/pool/plugins/org.eclipse.m2e.maven.runtime_3.9.900.20240824-1409/jars/maven-core-3.9.9.jar
2024-12-02 15:10:00,672 [Worker-0: Launching Executing install in _home_semillero_proyecto-colegio-quipux_fuentes_backend_Colegio] INFO  o.eclipse.m2e.core.internal.Bundles - 	Entry: /home/semillero/.p2/pool/plugins/org.eclipse.m2e.maven.runtime_3.9.900.20240824-1409/jars/maven-embedder-3.9.9.jar
2024-12-02 15:10:00,672 [Worker-0: Launching Executing install in _home_semillero_proyecto-colegio-quipux_fuentes_backend_Colegio] INFO  o.eclipse.m2e.core.internal.Bundles - 	Entry: /home/semillero/.p2/pool/plugins/org.eclipse.m2e.maven.runtime_3.9.900.20240824-1409/jars/maven-model-3.9.9.jar
2024-12-02 15:10:00,672 [Worker-0: Launching Executing install in _home_semillero_proyecto-colegio-quipux_fuentes_backend_Colegio] INFO  o.eclipse.m2e.core.internal.Bundles - 	Entry: /home/semillero/.p2/pool/plugins/org.eclipse.m2e.maven.runtime_3.9.900.20240824-1409/jars/maven-model-builder-3.9.9.jar
2024-12-02 15:10:00,672 [Worker-0: Launching Executing install in _home_semillero_proyecto-colegio-quipux_fuentes_backend_Colegio] INFO  o.eclipse.m2e.core.internal.Bundles - 	Entry: /home/semillero/.p2/pool/plugins/org.eclipse.m2e.maven.runtime_3.9.900.20240824-1409/jars/maven-plugin-api-3.9.9.jar
2024-12-02 15:10:00,672 [Worker-0: Launching Executing install in _home_semillero_proyecto-colegio-quipux_fuentes_backend_Colegio] INFO  o.eclipse.m2e.core.internal.Bundles - 	Entry: /home/semillero/.p2/pool/plugins/org.eclipse.m2e.maven.runtime_3.9.900.20240824-1409/jars/maven-repository-metadata-3.9.9.jar
2024-12-02 15:10:00,672 [Worker-0: Launching Executing install in _home_semillero_proyecto-colegio-quipux_fuentes_backend_Colegio] INFO  o.eclipse.m2e.core.internal.Bundles - 	Entry: /home/semillero/.p2/pool/plugins/org.eclipse.m2e.maven.runtime_3.9.900.20240824-1409/jars/maven-resolver-api-1.9.22.jar
2024-12-02 15:10:00,672 [Worker-0: Launching Executing install in _home_semillero_proyecto-colegio-quipux_fuentes_backend_Colegio] INFO  o.eclipse.m2e.core.internal.Bundles - 	Entry: /home/semillero/.p2/pool/plugins/org.eclipse.m2e.maven.runtime_3.9.900.20240824-1409/jars/maven-resolver-connector-basic-1.9.22.jar
2024-12-02 15:10:00,672 [Worker-0: Launching Executing install in _home_semillero_proyecto-colegio-quipux_fuentes_backend_Colegio] INFO  o.eclipse.m2e.core.internal.Bundles - 	Entry: /home/semillero/.p2/pool/plugins/org.eclipse.m2e.maven.runtime_3.9.900.20240824-1409/jars/maven-resolver-impl-1.9.22.jar
2024-12-02 15:10:00,672 [Worker-0: Launching Executing install in _home_semillero_proyecto-colegio-quipux_fuentes_backend_Colegio] INFO  o.eclipse.m2e.core.internal.Bundles - 	Entry: /home/semillero/.p2/pool/plugins/org.eclipse.m2e.maven.runtime_3.9.900.20240824-1409/jars/maven-resolver-named-locks-1.9.22.jar
2024-12-02 15:10:00,672 [Worker-0: Launching Executing install in _home_semillero_proyecto-colegio-quipux_fuentes_backend_Colegio] INFO  o.eclipse.m2e.core.internal.Bundles - 	Entry: /home/semillero/.p2/pool/plugins/org.eclipse.m2e.maven.runtime_3.9.900.20240824-1409/jars/maven-resolver-provider-3.9.9.jar
2024-12-02 15:10:00,672 [Worker-0: Launching Executing install in _home_semillero_proyecto-colegio-quipux_fuentes_backend_Colegio] INFO  o.eclipse.m2e.core.internal.Bundles - 	Entry: /home/semillero/.p2/pool/plugins/org.eclipse.m2e.maven.runtime_3.9.900.20240824-1409/jars/maven-resolver-spi-1.9.22.jar
2024-12-02 15:10:00,673 [Worker-0: Launching Executing install in _home_semillero_proyecto-colegio-quipux_fuentes_backend_Colegio] INFO  o.eclipse.m2e.core.internal.Bundles - 	Entry: /home/semillero/.p2/pool/plugins/org.eclipse.m2e.maven.runtime_3.9.900.20240824-1409/jars/maven-resolver-transport-file-1.9.22.jar
2024-12-02 15:10:00,673 [Worker-0: Launching Executing install in _home_semillero_proyecto-colegio-quipux_fuentes_backend_Colegio] INFO  o.eclipse.m2e.core.internal.Bundles - 	Entry: /home/semillero/.p2/pool/plugins/org.eclipse.m2e.maven.runtime_3.9.900.20240824-1409/jars/maven-resolver-transport-http-1.9.22.jar
2024-12-02 15:10:00,673 [Worker-0: Launching Executing install in _home_semillero_proyecto-colegio-quipux_fuentes_backend_Colegio] INFO  o.eclipse.m2e.core.internal.Bundles - 	Entry: /home/semillero/.p2/pool/plugins/org.eclipse.m2e.maven.runtime_3.9.900.20240824-1409/jars/maven-resolver-transport-wagon-1.9.22.jar
2024-12-02 15:10:00,673 [Worker-0: Launching Executing install in _home_semillero_proyecto-colegio-quipux_fuentes_backend_Colegio] INFO  o.eclipse.m2e.core.internal.Bundles - 	Entry: /home/semillero/.p2/pool/plugins/org.eclipse.m2e.maven.runtime_3.9.900.20240824-1409/jars/maven-resolver-util-1.9.22.jar
2024-12-02 15:10:00,673 [Worker-0: Launching Executing install in _home_semillero_proyecto-colegio-quipux_fuentes_backend_Colegio] INFO  o.eclipse.m2e.core.internal.Bundles - 	Entry: /home/semillero/.p2/pool/plugins/org.eclipse.m2e.maven.runtime_3.9.900.20240824-1409/jars/maven-settings-3.9.9.jar
2024-12-02 15:10:00,673 [Worker-0: Launching Executing install in _home_semillero_proyecto-colegio-quipux_fuentes_backend_Colegio] INFO  o.eclipse.m2e.core.internal.Bundles - 	Entry: /home/semillero/.p2/pool/plugins/org.eclipse.m2e.maven.runtime_3.9.900.20240824-1409/jars/maven-settings-builder-3.9.9.jar
2024-12-02 15:10:00,673 [Worker-0: Launching Executing install in _home_semillero_proyecto-colegio-quipux_fuentes_backend_Colegio] INFO  o.eclipse.m2e.core.internal.Bundles - 	Entry: /home/semillero/.p2/pool/plugins/org.eclipse.m2e.maven.runtime_3.9.900.20240824-1409/jars/maven-shared-utils-3.4.2.jar
2024-12-02 15:10:00,673 [Worker-0: Launching Executing install in _home_semillero_proyecto-colegio-quipux_fuentes_backend_Colegio] INFO  o.eclipse.m2e.core.internal.Bundles - 	Entry: /home/semillero/.p2/pool/plugins/org.eclipse.m2e.maven.runtime_3.9.900.20240824-1409/jars/org.eclipse.sisu.inject-0.9.0.M3.jar
2024-12-02 15:10:00,673 [Worker-0: Launching Executing install in _home_semillero_proyecto-colegio-quipux_fuentes_backend_Colegio] INFO  o.eclipse.m2e.core.internal.Bundles - 	Entry: /home/semillero/.p2/pool/plugins/org.eclipse.m2e.maven.runtime_3.9.900.20240824-1409/jars/org.eclipse.sisu.plexus-0.9.0.M3.jar
2024-12-02 15:10:00,673 [Worker-0: Launching Executing install in _home_semillero_proyecto-colegio-quipux_fuentes_backend_Colegio] INFO  o.eclipse.m2e.core.internal.Bundles - 	Entry: /home/semillero/.p2/pool/plugins/org.eclipse.m2e.maven.runtime_3.9.900.20240824-1409/jars/plexus-build-api-0.0.7.jar
2024-12-02 15:10:00,673 [Worker-0: Launching Executing install in _home_semillero_proyecto-colegio-quipux_fuentes_backend_Colegio] INFO  o.eclipse.m2e.core.internal.Bundles - 	Entry: /home/semillero/.p2/pool/plugins/org.eclipse.m2e.maven.runtime_3.9.900.20240824-1409/jars/plexus-build-api-1.2.0.jar
2024-12-02 15:10:00,673 [Worker-0: Launching Executing install in _home_semillero_proyecto-colegio-quipux_fuentes_backend_Colegio] INFO  o.eclipse.m2e.core.internal.Bundles - 	Entry: /home/semillero/.p2/pool/plugins/org.eclipse.m2e.maven.runtime_3.9.900.20240824-1409/jars/plexus-cipher-2.0.jar
2024-12-02 15:10:00,673 [Worker-0: Launching Executing install in _home_semillero_proyecto-colegio-quipux_fuentes_backend_Colegio] INFO  o.eclipse.m2e.core.internal.Bundles - 	Entry: /home/semillero/.p2/pool/plugins/org.eclipse.m2e.maven.runtime_3.9.900.20240824-1409/jars/plexus-classworlds-2.8.0.jar
2024-12-02 15:10:00,673 [Worker-0: Launching Executing install in _home_semillero_proyecto-colegio-quipux_fuentes_backend_Colegio] INFO  o.eclipse.m2e.core.internal.Bundles - 	Entry: /home/semillero/.p2/pool/plugins/org.eclipse.m2e.maven.runtime_3.9.900.20240824-1409/jars/plexus-component-annotations-2.1.0.jar
2024-12-02 15:10:00,673 [Worker-0: Launching Executing install in _home_semillero_proyecto-colegio-quipux_fuentes_backend_Colegio] INFO  o.eclipse.m2e.core.internal.Bundles - 	Entry: /home/semillero/.p2/pool/plugins/org.eclipse.m2e.maven.runtime_3.9.900.20240824-1409/jars/plexus-interpolation-1.27.jar
2024-12-02 15:10:00,673 [Worker-0: Launching Executing install in _home_semillero_proyecto-colegio-quipux_fuentes_backend_Colegio] INFO  o.eclipse.m2e.core.internal.Bundles - 	Entry: /home/semillero/.p2/pool/plugins/org.eclipse.m2e.maven.runtime_3.9.900.20240824-1409/jars/plexus-sec-dispatcher-2.0.jar
2024-12-02 15:10:00,673 [Worker-0: Launching Executing install in _home_semillero_proyecto-colegio-quipux_fuentes_backend_Colegio] INFO  o.eclipse.m2e.core.internal.Bundles - 	Entry: /home/semillero/.p2/pool/plugins/org.eclipse.m2e.maven.runtime_3.9.900.20240824-1409/jars/plexus-utils-3.5.1.jar
2024-12-02 15:10:00,673 [Worker-0: Launching Executing install in _home_semillero_proyecto-colegio-quipux_fuentes_backend_Colegio] INFO  o.eclipse.m2e.core.internal.Bundles - 	Entry: /home/semillero/.p2/pool/plugins/org.eclipse.m2e.maven.runtime_3.9.900.20240824-1409/jars/plexus-xml-3.0.1.jar
2024-12-02 15:10:00,673 [Worker-0: Launching Executing install in _home_semillero_proyecto-colegio-quipux_fuentes_backend_Colegio] INFO  o.eclipse.m2e.core.internal.Bundles - 	Entry: /home/semillero/.p2/pool/plugins/org.eclipse.m2e.maven.runtime_3.9.900.20240824-1409/jars/wagon-file-3.5.3.jar
2024-12-02 15:10:00,673 [Worker-0: Launching Executing install in _home_semillero_proyecto-colegio-quipux_fuentes_backend_Colegio] INFO  o.eclipse.m2e.core.internal.Bundles - 	Entry: /home/semillero/.p2/pool/plugins/org.eclipse.m2e.maven.runtime_3.9.900.20240824-1409/jars/wagon-http-3.5.3.jar
2024-12-02 15:10:00,673 [Worker-0: Launching Executing install in _home_semillero_proyecto-colegio-quipux_fuentes_backend_Colegio] INFO  o.eclipse.m2e.core.internal.Bundles - 	Entry: /home/semillero/.p2/pool/plugins/org.eclipse.m2e.maven.runtime_3.9.900.20240824-1409/jars/wagon-http-shared-3.5.3.jar
2024-12-02 15:10:00,673 [Worker-0: Launching Executing install in _home_semillero_proyecto-colegio-quipux_fuentes_backend_Colegio] INFO  o.eclipse.m2e.core.internal.Bundles - 	Entry: /home/semillero/.p2/pool/plugins/org.eclipse.m2e.maven.runtime_3.9.900.20240824-1409/jars/wagon-provider-api-3.5.3.jar
2024-12-02 15:10:00,674 [Worker-0: Launching Executing install in _home_semillero_proyecto-colegio-quipux_fuentes_backend_Colegio] INFO  o.eclipse.m2e.core.internal.Bundles - getClasspathEntries(Bundle=com.google.guava_33.3.0.jre [16])
2024-12-02 15:10:00,674 [Worker-0: Launching Executing install in _home_semillero_proyecto-colegio-quipux_fuentes_backend_Colegio] INFO  o.eclipse.m2e.core.internal.Bundles - 	Entry: /home/semillero/.p2/pool/plugins/com.google.guava_33.3.0.jre.jar
2024-12-02 15:10:00,674 [Worker-0: Launching Executing install in _home_semillero_proyecto-colegio-quipux_fuentes_backend_Colegio] INFO  o.eclipse.m2e.core.internal.Bundles - getClasspathEntries(Bundle=slf4j.api_2.0.16 [1004])
2024-12-02 15:10:00,674 [Worker-0: Launching Executing install in _home_semillero_proyecto-colegio-quipux_fuentes_backend_Colegio] INFO  o.eclipse.m2e.core.internal.Bundles - 	Entry: /home/semillero/.p2/pool/plugins/slf4j.api_2.0.16.jar
2024-12-02 15:10:00,674 [Worker-0: Launching Executing install in _home_semillero_proyecto-colegio-quipux_fuentes_backend_Colegio] INFO  o.eclipse.m2e.core.internal.Bundles - getClasspathEntries(Bundle=jakarta.inject.jakarta.inject-api_1.0.5 [34])
2024-12-02 15:10:00,674 [Worker-0: Launching Executing install in _home_semillero_proyecto-colegio-quipux_fuentes_backend_Colegio] INFO  o.eclipse.m2e.core.internal.Bundles - 	Entry: /home/semillero/.p2/pool/plugins/jakarta.inject.jakarta.inject-api_1.0.5.jar
2024-12-02 15:10:00,674 [Worker-0: Launching Executing install in _home_semillero_proyecto-colegio-quipux_fuentes_backend_Colegio] INFO  o.eclipse.m2e.core.internal.Bundles - getClasspathEntries(Bundle=jakarta.annotation-api_1.3.5 [29])
2024-12-02 15:10:00,674 [Worker-0: Launching Executing install in _home_semillero_proyecto-colegio-quipux_fuentes_backend_Colegio] INFO  o.eclipse.m2e.core.internal.Bundles - 	Entry: /home/semillero/.p2/pool/plugins/jakarta.annotation-api_1.3.5.jar
2024-12-02 15:10:00,674 [Worker-0: Launching Executing install in _home_semillero_proyecto-colegio-quipux_fuentes_backend_Colegio] INFO  o.eclipse.m2e.core.internal.Bundles - getClasspathEntries(Bundle=org.apache.commons.cli_1.9.0 [78])
2024-12-02 15:10:00,674 [Worker-0: Launching Executing install in _home_semillero_proyecto-colegio-quipux_fuentes_backend_Colegio] INFO  o.eclipse.m2e.core.internal.Bundles - 	Entry: /home/semillero/.p2/pool/plugins/org.apache.commons.cli_1.9.0.jar
2024-12-02 15:10:00,674 [Worker-0: Launching Executing install in _home_semillero_proyecto-colegio-quipux_fuentes_backend_Colegio] INFO  o.eclipse.m2e.core.internal.Bundles - getClasspathEntries(Bundle=org.apache.commons.commons-codec_1.16.0 [81])
2024-12-02 15:10:00,674 [Worker-0: Launching Executing install in _home_semillero_proyecto-colegio-quipux_fuentes_backend_Colegio] INFO  o.eclipse.m2e.core.internal.Bundles - 	Entry: /home/semillero/.p2/pool/plugins/org.apache.commons.commons-codec_1.16.0.jar
2024-12-02 15:10:00,674 [Worker-0: Launching Executing install in _home_semillero_proyecto-colegio-quipux_fuentes_backend_Colegio] INFO  o.eclipse.m2e.core.internal.Bundles - getClasspathEntries(Bundle=com.google.guava.failureaccess_1.0.2 [17])
2024-12-02 15:10:00,674 [Worker-0: Launching Executing install in _home_semillero_proyecto-colegio-quipux_fuentes_backend_Colegio] INFO  o.eclipse.m2e.core.internal.Bundles - 	Entry: /home/semillero/.p2/pool/plugins/com.google.guava.failureaccess_1.0.2.jar
2024-12-02 15:10:00,698 [Worker-0: Launching Executing install in _home_semillero_proyecto-colegio-quipux_fuentes_backend_Colegio] INFO  o.e.m.i.launch.MavenLaunchDelegate - Run build in "/home/semillero/proyecto-colegio-quipux/fuentes/backend/Colegio":
2024-12-02 15:10:00,702 [Worker-0: Launching Executing install in _home_semillero_proyecto-colegio-quipux_fuentes_backend_Colegio] INFO  o.e.m.i.launch.MavenLaunchDelegate -  mvn  -B -Dstyle.color=always install
2024-12-02 15:12:17,259 [Worker-7: Launching Executing install in _home_semillero_proyecto-colegio-quipux_fuentes_backend_Colegio] INFO  o.eclipse.m2e.core.internal.Bundles - getClasspathEntries(Bundle=org.eclipse.m2e.maven.runtime_3.9.900.20240824-1409 [640])
2024-12-02 15:12:17,259 [Worker-7: Launching Executing install in _home_semillero_proyecto-colegio-quipux_fuentes_backend_Colegio] INFO  o.eclipse.m2e.core.internal.Bundles - 	Entry: /home/semillero/.p2/pool/plugins/org.eclipse.m2e.maven.runtime_3.9.900.20240824-1409
2024-12-02 15:12:17,259 [Worker-7: Launching Executing install in _home_semillero_proyecto-colegio-quipux_fuentes_backend_Colegio] INFO  o.eclipse.m2e.core.internal.Bundles - 	Entry: /home/semillero/.p2/pool/plugins/org.eclipse.m2e.maven.runtime_3.9.900.20240824-1409/jars/aopalliance-1.0.jar
2024-12-02 15:12:17,260 [Worker-7: Launching Executing install in _home_semillero_proyecto-colegio-quipux_fuentes_backend_Colegio] INFO  o.eclipse.m2e.core.internal.Bundles - 	Entry: /home/semillero/.p2/pool/plugins/org.eclipse.m2e.maven.runtime_3.9.900.20240824-1409/jars/guice-5.1.0.jar
2024-12-02 15:12:17,260 [Worker-7: Launching Executing install in _home_semillero_proyecto-colegio-quipux_fuentes_backend_Colegio] INFO  o.eclipse.m2e.core.internal.Bundles - 	Entry: /home/semillero/.p2/pool/plugins/org.eclipse.m2e.maven.runtime_3.9.900.20240824-1409/jars/httpclient-4.5.14.jar
2024-12-02 15:12:17,260 [Worker-7: Launching Executing install in _home_semillero_proyecto-colegio-quipux_fuentes_backend_Colegio] INFO  o.eclipse.m2e.core.internal.Bundles - 	Entry: /home/semillero/.p2/pool/plugins/org.eclipse.m2e.maven.runtime_3.9.900.20240824-1409/jars/httpcore-4.4.16.jar
2024-12-02 15:12:17,260 [Worker-7: Launching Executing install in _home_semillero_proyecto-colegio-quipux_fuentes_backend_Colegio] INFO  o.eclipse.m2e.core.internal.Bundles - 	Entry: /home/semillero/.p2/pool/plugins/org.eclipse.m2e.maven.runtime_3.9.900.20240824-1409/jars/jansi-2.4.1.jar
2024-12-02 15:12:17,260 [Worker-7: Launching Executing install in _home_semillero_proyecto-colegio-quipux_fuentes_backend_Colegio] INFO  o.eclipse.m2e.core.internal.Bundles - 	Entry: /home/semillero/.p2/pool/plugins/org.eclipse.m2e.maven.runtime_3.9.900.20240824-1409/jars/jcl-over-slf4j-1.7.36.jar
2024-12-02 15:12:17,260 [Worker-7: Launching Executing install in _home_semillero_proyecto-colegio-quipux_fuentes_backend_Colegio] INFO  o.eclipse.m2e.core.internal.Bundles - 	Entry: /home/semillero/.p2/pool/plugins/org.eclipse.m2e.maven.runtime_3.9.900.20240824-1409/jars/maven-artifact-3.9.9.jar
2024-12-02 15:12:17,260 [Worker-7: Launching Executing install in _home_semillero_proyecto-colegio-quipux_fuentes_backend_Colegio] INFO  o.eclipse.m2e.core.internal.Bundles - 	Entry: /home/semillero/.p2/pool/plugins/org.eclipse.m2e.maven.runtime_3.9.900.20240824-1409/jars/maven-builder-support-3.9.9.jar
2024-12-02 15:12:17,260 [Worker-7: Launching Executing install in _home_semillero_proyecto-colegio-quipux_fuentes_backend_Colegio] INFO  o.eclipse.m2e.core.internal.Bundles - 	Entry: /home/semillero/.p2/pool/plugins/org.eclipse.m2e.maven.runtime_3.9.900.20240824-1409/jars/maven-compat-3.9.9.jar
2024-12-02 15:12:17,260 [Worker-7: Launching Executing install in _home_semillero_proyecto-colegio-quipux_fuentes_backend_Colegio] INFO  o.eclipse.m2e.core.internal.Bundles - 	Entry: /home/semillero/.p2/pool/plugins/org.eclipse.m2e.maven.runtime_3.9.900.20240824-1409/jars/maven-core-3.9.9.jar
2024-12-02 15:12:17,260 [Worker-7: Launching Executing install in _home_semillero_proyecto-colegio-quipux_fuentes_backend_Colegio] INFO  o.eclipse.m2e.core.internal.Bundles - 	Entry: /home/semillero/.p2/pool/plugins/org.eclipse.m2e.maven.runtime_3.9.900.20240824-1409/jars/maven-embedder-3.9.9.jar
2024-12-02 15:12:17,260 [Worker-7: Launching Executing install in _home_semillero_proyecto-colegio-quipux_fuentes_backend_Colegio] INFO  o.eclipse.m2e.core.internal.Bundles - 	Entry: /home/semillero/.p2/pool/plugins/org.eclipse.m2e.maven.runtime_3.9.900.20240824-1409/jars/maven-model-3.9.9.jar
2024-12-02 15:12:17,260 [Worker-7: Launching Executing install in _home_semillero_proyecto-colegio-quipux_fuentes_backend_Colegio] INFO  o.eclipse.m2e.core.internal.Bundles - 	Entry: /home/semillero/.p2/pool/plugins/org.eclipse.m2e.maven.runtime_3.9.900.20240824-1409/jars/maven-model-builder-3.9.9.jar
2024-12-02 15:12:17,260 [Worker-7: Launching Executing install in _home_semillero_proyecto-colegio-quipux_fuentes_backend_Colegio] INFO  o.eclipse.m2e.core.internal.Bundles - 	Entry: /home/semillero/.p2/pool/plugins/org.eclipse.m2e.maven.runtime_3.9.900.20240824-1409/jars/maven-plugin-api-3.9.9.jar
2024-12-02 15:12:17,260 [Worker-7: Launching Executing install in _home_semillero_proyecto-colegio-quipux_fuentes_backend_Colegio] INFO  o.eclipse.m2e.core.internal.Bundles - 	Entry: /home/semillero/.p2/pool/plugins/org.eclipse.m2e.maven.runtime_3.9.900.20240824-1409/jars/maven-repository-metadata-3.9.9.jar
2024-12-02 15:12:17,260 [Worker-7: Launching Executing install in _home_semillero_proyecto-colegio-quipux_fuentes_backend_Colegio] INFO  o.eclipse.m2e.core.internal.Bundles - 	Entry: /home/semillero/.p2/pool/plugins/org.eclipse.m2e.maven.runtime_3.9.900.20240824-1409/jars/maven-resolver-api-1.9.22.jar
2024-12-02 15:12:17,260 [Worker-7: Launching Executing install in _home_semillero_proyecto-colegio-quipux_fuentes_backend_Colegio] INFO  o.eclipse.m2e.core.internal.Bundles - 	Entry: /home/semillero/.p2/pool/plugins/org.eclipse.m2e.maven.runtime_3.9.900.20240824-1409/jars/maven-resolver-connector-basic-1.9.22.jar
2024-12-02 15:12:17,260 [Worker-7: Launching Executing install in _home_semillero_proyecto-colegio-quipux_fuentes_backend_Colegio] INFO  o.eclipse.m2e.core.internal.Bundles - 	Entry: /home/semillero/.p2/pool/plugins/org.eclipse.m2e.maven.runtime_3.9.900.20240824-1409/jars/maven-resolver-impl-1.9.22.jar
2024-12-02 15:12:17,260 [Worker-7: Launching Executing install in _home_semillero_proyecto-colegio-quipux_fuentes_backend_Colegio] INFO  o.eclipse.m2e.core.internal.Bundles - 	Entry: /home/semillero/.p2/pool/plugins/org.eclipse.m2e.maven.runtime_3.9.900.20240824-1409/jars/maven-resolver-named-locks-1.9.22.jar
2024-12-02 15:12:17,260 [Worker-7: Launching Executing install in _home_semillero_proyecto-colegio-quipux_fuentes_backend_Colegio] INFO  o.eclipse.m2e.core.internal.Bundles - 	Entry: /home/semillero/.p2/pool/plugins/org.eclipse.m2e.maven.runtime_3.9.900.20240824-1409/jars/maven-resolver-provider-3.9.9.jar
2024-12-02 15:12:17,260 [Worker-7: Launching Executing install in _home_semillero_proyecto-colegio-quipux_fuentes_backend_Colegio] INFO  o.eclipse.m2e.core.internal.Bundles - 	Entry: /home/semillero/.p2/pool/plugins/org.eclipse.m2e.maven.runtime_3.9.900.20240824-1409/jars/maven-resolver-spi-1.9.22.jar
2024-12-02 15:12:17,260 [Worker-7: Launching Executing install in _home_semillero_proyecto-colegio-quipux_fuentes_backend_Colegio] INFO  o.eclipse.m2e.core.internal.Bundles - 	Entry: /home/semillero/.p2/pool/plugins/org.eclipse.m2e.maven.runtime_3.9.900.20240824-1409/jars/maven-resolver-transport-file-1.9.22.jar
2024-12-02 15:12:17,260 [Worker-7: Launching Executing install in _home_semillero_proyecto-colegio-quipux_fuentes_backend_Colegio] INFO  o.eclipse.m2e.core.internal.Bundles - 	Entry: /home/semillero/.p2/pool/plugins/org.eclipse.m2e.maven.runtime_3.9.900.20240824-1409/jars/maven-resolver-transport-http-1.9.22.jar
2024-12-02 15:12:17,260 [Worker-7: Launching Executing install in _home_semillero_proyecto-colegio-quipux_fuentes_backend_Colegio] INFO  o.eclipse.m2e.core.internal.Bundles - 	Entry: /home/semillero/.p2/pool/plugins/org.eclipse.m2e.maven.runtime_3.9.900.20240824-1409/jars/maven-resolver-transport-wagon-1.9.22.jar
2024-12-02 15:12:17,261 [Worker-7: Launching Executing install in _home_semillero_proyecto-colegio-quipux_fuentes_backend_Colegio] INFO  o.eclipse.m2e.core.internal.Bundles - 	Entry: /home/semillero/.p2/pool/plugins/org.eclipse.m2e.maven.runtime_3.9.900.20240824-1409/jars/maven-resolver-util-1.9.22.jar
2024-12-02 15:12:17,261 [Worker-7: Launching Executing install in _home_semillero_proyecto-colegio-quipux_fuentes_backend_Colegio] INFO  o.eclipse.m2e.core.internal.Bundles - 	Entry: /home/semillero/.p2/pool/plugins/org.eclipse.m2e.maven.runtime_3.9.900.20240824-1409/jars/maven-settings-3.9.9.jar
2024-12-02 15:12:17,261 [Worker-7: Launching Executing install in _home_semillero_proyecto-colegio-quipux_fuentes_backend_Colegio] INFO  o.eclipse.m2e.core.internal.Bundles - 	Entry: /home/semillero/.p2/pool/plugins/org.eclipse.m2e.maven.runtime_3.9.900.20240824-1409/jars/maven-settings-builder-3.9.9.jar
2024-12-02 15:12:17,261 [Worker-7: Launching Executing install in _home_semillero_proyecto-colegio-quipux_fuentes_backend_Colegio] INFO  o.eclipse.m2e.core.internal.Bundles - 	Entry: /home/semillero/.p2/pool/plugins/org.eclipse.m2e.maven.runtime_3.9.900.20240824-1409/jars/maven-shared-utils-3.4.2.jar
2024-12-02 15:12:17,261 [Worker-7: Launching Executing install in _home_semillero_proyecto-colegio-quipux_fuentes_backend_Colegio] INFO  o.eclipse.m2e.core.internal.Bundles - 	Entry: /home/semillero/.p2/pool/plugins/org.eclipse.m2e.maven.runtime_3.9.900.20240824-1409/jars/org.eclipse.sisu.inject-0.9.0.M3.jar
2024-12-02 15:12:17,261 [Worker-7: Launching Executing install in _home_semillero_proyecto-colegio-quipux_fuentes_backend_Colegio] INFO  o.eclipse.m2e.core.internal.Bundles - 	Entry: /home/semillero/.p2/pool/plugins/org.eclipse.m2e.maven.runtime_3.9.900.20240824-1409/jars/org.eclipse.sisu.plexus-0.9.0.M3.jar
2024-12-02 15:12:17,261 [Worker-7: Launching Executing install in _home_semillero_proyecto-colegio-quipux_fuentes_backend_Colegio] INFO  o.eclipse.m2e.core.internal.Bundles - 	Entry: /home/semillero/.p2/pool/plugins/org.eclipse.m2e.maven.runtime_3.9.900.20240824-1409/jars/plexus-build-api-0.0.7.jar
2024-12-02 15:12:17,261 [Worker-7: Launching Executing install in _home_semillero_proyecto-colegio-quipux_fuentes_backend_Colegio] INFO  o.eclipse.m2e.core.internal.Bundles - 	Entry: /home/semillero/.p2/pool/plugins/org.eclipse.m2e.maven.runtime_3.9.900.20240824-1409/jars/plexus-build-api-1.2.0.jar
2024-12-02 15:12:17,261 [Worker-7: Launching Executing install in _home_semillero_proyecto-colegio-quipux_fuentes_backend_Colegio] INFO  o.eclipse.m2e.core.internal.Bundles - 	Entry: /home/semillero/.p2/pool/plugins/org.eclipse.m2e.maven.runtime_3.9.900.20240824-1409/jars/plexus-cipher-2.0.jar
2024-12-02 15:12:17,261 [Worker-7: Launching Executing install in _home_semillero_proyecto-colegio-quipux_fuentes_backend_Colegio] INFO  o.eclipse.m2e.core.internal.Bundles - 	Entry: /home/semillero/.p2/pool/plugins/org.eclipse.m2e.maven.runtime_3.9.900.20240824-1409/jars/plexus-classworlds-2.8.0.jar
2024-12-02 15:12:17,261 [Worker-7: Launching Executing install in _home_semillero_proyecto-colegio-quipux_fuentes_backend_Colegio] INFO  o.eclipse.m2e.core.internal.Bundles - 	Entry: /home/semillero/.p2/pool/plugins/org.eclipse.m2e.maven.runtime_3.9.900.20240824-1409/jars/plexus-component-annotations-2.1.0.jar
2024-12-02 15:12:17,261 [Worker-7: Launching Executing install in _home_semillero_proyecto-colegio-quipux_fuentes_backend_Colegio] INFO  o.eclipse.m2e.core.internal.Bundles - 	Entry: /home/semillero/.p2/pool/plugins/org.eclipse.m2e.maven.runtime_3.9.900.20240824-1409/jars/plexus-interpolation-1.27.jar
2024-12-02 15:12:17,261 [Worker-7: Launching Executing install in _home_semillero_proyecto-colegio-quipux_fuentes_backend_Colegio] INFO  o.eclipse.m2e.core.internal.Bundles - 	Entry: /home/semillero/.p2/pool/plugins/org.eclipse.m2e.maven.runtime_3.9.900.20240824-1409/jars/plexus-sec-dispatcher-2.0.jar
2024-12-02 15:12:17,261 [Worker-7: Launching Executing install in _home_semillero_proyecto-colegio-quipux_fuentes_backend_Colegio] INFO  o.eclipse.m2e.core.internal.Bundles - 	Entry: /home/semillero/.p2/pool/plugins/org.eclipse.m2e.maven.runtime_3.9.900.20240824-1409/jars/plexus-utils-3.5.1.jar
2024-12-02 15:12:17,261 [Worker-7: Launching Executing install in _home_semillero_proyecto-colegio-quipux_fuentes_backend_Colegio] INFO  o.eclipse.m2e.core.internal.Bundles - 	Entry: /home/semillero/.p2/pool/plugins/org.eclipse.m2e.maven.runtime_3.9.900.20240824-1409/jars/plexus-xml-3.0.1.jar
2024-12-02 15:12:17,261 [Worker-7: Launching Executing install in _home_semillero_proyecto-colegio-quipux_fuentes_backend_Colegio] INFO  o.eclipse.m2e.core.internal.Bundles - 	Entry: /home/semillero/.p2/pool/plugins/org.eclipse.m2e.maven.runtime_3.9.900.20240824-1409/jars/wagon-file-3.5.3.jar
2024-12-02 15:12:17,261 [Worker-7: Launching Executing install in _home_semillero_proyecto-colegio-quipux_fuentes_backend_Colegio] INFO  o.eclipse.m2e.core.internal.Bundles - 	Entry: /home/semillero/.p2/pool/plugins/org.eclipse.m2e.maven.runtime_3.9.900.20240824-1409/jars/wagon-http-3.5.3.jar
2024-12-02 15:12:17,261 [Worker-7: Launching Executing install in _home_semillero_proyecto-colegio-quipux_fuentes_backend_Colegio] INFO  o.eclipse.m2e.core.internal.Bundles - 	Entry: /home/semillero/.p2/pool/plugins/org.eclipse.m2e.maven.runtime_3.9.900.20240824-1409/jars/wagon-http-shared-3.5.3.jar
2024-12-02 15:12:17,261 [Worker-7: Launching Executing install in _home_semillero_proyecto-colegio-quipux_fuentes_backend_Colegio] INFO  o.eclipse.m2e.core.internal.Bundles - 	Entry: /home/semillero/.p2/pool/plugins/org.eclipse.m2e.maven.runtime_3.9.900.20240824-1409/jars/wagon-provider-api-3.5.3.jar
2024-12-02 15:12:17,261 [Worker-7: Launching Executing install in _home_semillero_proyecto-colegio-quipux_fuentes_backend_Colegio] INFO  o.eclipse.m2e.core.internal.Bundles - getClasspathEntries(Bundle=com.google.guava_33.3.0.jre [16])
2024-12-02 15:12:17,262 [Worker-7: Launching Executing install in _home_semillero_proyecto-colegio-quipux_fuentes_backend_Colegio] INFO  o.eclipse.m2e.core.internal.Bundles - 	Entry: /home/semillero/.p2/pool/plugins/com.google.guava_33.3.0.jre.jar
2024-12-02 15:12:17,262 [Worker-7: Launching Executing install in _home_semillero_proyecto-colegio-quipux_fuentes_backend_Colegio] INFO  o.eclipse.m2e.core.internal.Bundles - getClasspathEntries(Bundle=slf4j.api_2.0.16 [1004])
2024-12-02 15:12:17,262 [Worker-7: Launching Executing install in _home_semillero_proyecto-colegio-quipux_fuentes_backend_Colegio] INFO  o.eclipse.m2e.core.internal.Bundles - 	Entry: /home/semillero/.p2/pool/plugins/slf4j.api_2.0.16.jar
2024-12-02 15:12:17,262 [Worker-7: Launching Executing install in _home_semillero_proyecto-colegio-quipux_fuentes_backend_Colegio] INFO  o.eclipse.m2e.core.internal.Bundles - getClasspathEntries(Bundle=jakarta.inject.jakarta.inject-api_1.0.5 [34])
2024-12-02 15:12:17,262 [Worker-7: Launching Executing install in _home_semillero_proyecto-colegio-quipux_fuentes_backend_Colegio] INFO  o.eclipse.m2e.core.internal.Bundles - 	Entry: /home/semillero/.p2/pool/plugins/jakarta.inject.jakarta.inject-api_1.0.5.jar
2024-12-02 15:12:17,262 [Worker-7: Launching Executing install in _home_semillero_proyecto-colegio-quipux_fuentes_backend_Colegio] INFO  o.eclipse.m2e.core.internal.Bundles - getClasspathEntries(Bundle=jakarta.annotation-api_1.3.5 [29])
2024-12-02 15:12:17,262 [Worker-7: Launching Executing install in _home_semillero_proyecto-colegio-quipux_fuentes_backend_Colegio] INFO  o.eclipse.m2e.core.internal.Bundles - 	Entry: /home/semillero/.p2/pool/plugins/jakarta.annotation-api_1.3.5.jar
2024-12-02 15:12:17,262 [Worker-7: Launching Executing install in _home_semillero_proyecto-colegio-quipux_fuentes_backend_Colegio] INFO  o.eclipse.m2e.core.internal.Bundles - getClasspathEntries(Bundle=org.apache.commons.cli_1.9.0 [78])
2024-12-02 15:12:17,262 [Worker-7: Launching Executing install in _home_semillero_proyecto-colegio-quipux_fuentes_backend_Colegio] INFO  o.eclipse.m2e.core.internal.Bundles - 	Entry: /home/semillero/.p2/pool/plugins/org.apache.commons.cli_1.9.0.jar
2024-12-02 15:12:17,262 [Worker-7: Launching Executing install in _home_semillero_proyecto-colegio-quipux_fuentes_backend_Colegio] INFO  o.eclipse.m2e.core.internal.Bundles - getClasspathEntries(Bundle=org.apache.commons.commons-codec_1.16.0 [81])
2024-12-02 15:12:17,262 [Worker-7: Launching Executing install in _home_semillero_proyecto-colegio-quipux_fuentes_backend_Colegio] INFO  o.eclipse.m2e.core.internal.Bundles - 	Entry: /home/semillero/.p2/pool/plugins/org.apache.commons.commons-codec_1.16.0.jar
2024-12-02 15:12:17,262 [Worker-7: Launching Executing install in _home_semillero_proyecto-colegio-quipux_fuentes_backend_Colegio] INFO  o.eclipse.m2e.core.internal.Bundles - getClasspathEntries(Bundle=com.google.guava.failureaccess_1.0.2 [17])
2024-12-02 15:12:17,262 [Worker-7: Launching Executing install in _home_semillero_proyecto-colegio-quipux_fuentes_backend_Colegio] INFO  o.eclipse.m2e.core.internal.Bundles - 	Entry: /home/semillero/.p2/pool/plugins/com.google.guava.failureaccess_1.0.2.jar
2024-12-02 15:12:17,279 [Worker-7: Launching Executing install in _home_semillero_proyecto-colegio-quipux_fuentes_backend_Colegio] INFO  o.e.m.i.launch.MavenLaunchDelegate - Run build in "/home/semillero/proyecto-colegio-quipux/fuentes/backend/Colegio":
2024-12-02 15:12:17,280 [Worker-7: Launching Executing install in _home_semillero_proyecto-colegio-quipux_fuentes_backend_Colegio] INFO  o.e.m.i.launch.MavenLaunchDelegate -  mvn  -B -Dstyle.color=always install
2024-12-02 16:07:16,956 [Worker-23: Building] WARN  o.a.m.s.f.DefaultMavenResourcesFiltering - Using platform encoding (UTF-8 actually) to copy filtered resources, i.e. build is platform dependent!
2024-12-02 16:07:16,977 [Worker-23: Building] INFO  o.a.m.s.f.DefaultMavenResourcesFiltering - Copying 0 resource from src/main/resources to target/classes
2024-12-02 16:07:16,987 [Worker-23: Building] WARN  o.a.m.s.f.DefaultMavenResourcesFiltering - Using platform encoding (UTF-8 actually) to copy filtered resources, i.e. build is platform dependent!
2024-12-02 16:07:16,988 [Worker-23: Building] INFO  o.a.m.s.f.DefaultMavenResourcesFiltering - skip non existing resourceDirectory /home/semillero/proyecto-colegio-quipux/fuentes/backend/Colegio/src/test/resources
2024-12-02 16:40:28,528 [Worker-17: Building] INFO  o.e.m.c.i.l.LifecycleMappingFactory - Using org.eclipse.m2e.jdt.JarLifecycleMapping lifecycle mapping for MavenProject: com.quipux:Colegio:0.0.1-SNAPSHOT @ /home/semillero/proyecto-colegio-quipux/fuentes/backend/Colegio/pom.xml.
2024-12-02 16:40:29,828 [Worker-17: Building] WARN  o.a.m.s.f.DefaultMavenResourcesFiltering - Using platform encoding (UTF-8 actually) to copy filtered resources, i.e. build is platform dependent!
2024-12-02 16:40:29,830 [Worker-17: Building] INFO  o.a.m.s.f.DefaultMavenResourcesFiltering - Copying 1 resource from src/main/resources to target/classes
2024-12-02 16:40:29,844 [Worker-17: Building] WARN  o.a.m.s.f.DefaultMavenResourcesFiltering - Using platform encoding (UTF-8 actually) to copy filtered resources, i.e. build is platform dependent!
2024-12-02 16:40:29,844 [Worker-17: Building] INFO  o.a.m.s.f.DefaultMavenResourcesFiltering - skip non existing resourceDirectory /home/semillero/proyecto-colegio-quipux/fuentes/backend/Colegio/src/test/resources
2024-12-02 16:42:16,902 [Worker-32: Building] WARN  o.a.m.s.f.DefaultMavenResourcesFiltering - Using platform encoding (UTF-8 actually) to copy filtered resources, i.e. build is platform dependent!
2024-12-02 16:42:16,918 [Worker-32: Building] INFO  o.a.m.s.f.DefaultMavenResourcesFiltering - Copying 1 resource from src/main/resources to target/classes
2024-12-02 16:42:16,953 [Worker-32: Building] WARN  o.a.m.s.f.DefaultMavenResourcesFiltering - Using platform encoding (UTF-8 actually) to copy filtered resources, i.e. build is platform dependent!
2024-12-02 16:42:16,954 [Worker-32: Building] INFO  o.a.m.s.f.DefaultMavenResourcesFiltering - skip non existing resourceDirectory /home/semillero/proyecto-colegio-quipux/fuentes/backend/Colegio/src/test/resources
2024-12-02 16:42:25,678 [Worker-31: Updating Maven Project] INFO  o.e.m.c.i.p.ProjectConfigurationManager - Update started
2024-12-02 16:42:25,984 [Worker-31: Updating Maven Project] INFO  o.e.m.c.i.l.LifecycleMappingFactory - Using org.eclipse.m2e.jdt.JarLifecycleMapping lifecycle mapping for MavenProject: com.quipux:Colegio:0.0.1-SNAPSHOT @ /home/semillero/proyecto-colegio-quipux/fuentes/backend/Colegio/pom.xml.
2024-12-02 16:42:26,398 [Worker-31: Updating Maven Project] INFO  o.e.m.j.i.AbstractJavaProjectConfigurator - Adding source folder /Colegio/src/main/java
2024-12-02 16:42:26,398 [Worker-31: Updating Maven Project] INFO  o.e.m.j.i.AbstractJavaProjectConfigurator - Adding resource folder /Colegio/src/main/resources
2024-12-02 16:42:26,398 [Worker-31: Updating Maven Project] INFO  o.e.m.j.i.AbstractJavaProjectConfigurator - Adding source folder /Colegio/src/test/java
2024-12-02 16:42:26,398 [Worker-31: Updating Maven Project] INFO  o.e.m.j.i.AbstractJavaProjectConfigurator - Adding resource folder /Colegio/src/test/resources
2024-12-02 16:42:26,513 [Worker-31: Updating Maven Project] INFO  o.e.m.c.i.p.ProjectConfigurationManager - Update completed for 1 poms: local refresh takes 0.00 sec, refresh facades takes 0.00 sec, update config takes 0.00 sec 
2024-12-02 16:42:27,177 [Worker-32: Building] WARN  o.a.m.s.f.DefaultMavenResourcesFiltering - Using platform encoding (UTF-8 actually) to copy filtered resources, i.e. build is platform dependent!
2024-12-02 16:42:27,181 [Worker-32: Building] INFO  o.a.m.s.f.DefaultMavenResourcesFiltering - Copying 1 resource from src/main/resources to target/classes
2024-12-02 16:42:27,204 [Worker-32: Building] WARN  o.a.m.s.f.DefaultMavenResourcesFiltering - Using platform encoding (UTF-8 actually) to copy filtered resources, i.e. build is platform dependent!
2024-12-02 16:42:27,205 [Worker-32: Building] INFO  o.a.m.s.f.DefaultMavenResourcesFiltering - skip non existing resourceDirectory /home/semillero/proyecto-colegio-quipux/fuentes/backend/Colegio/src/test/resources
2024-12-02 16:42:40,197 [Worker-23: Updating Maven Project] INFO  o.e.m.c.i.p.ProjectConfigurationManager - Update started
2024-12-02 16:42:40,528 [Worker-23: Updating Maven Project] INFO  o.e.m.c.i.l.LifecycleMappingFactory - Using org.eclipse.m2e.jdt.JarLifecycleMapping lifecycle mapping for MavenProject: com.quipux:Colegio:0.0.1-SNAPSHOT @ /home/semillero/proyecto-colegio-quipux/fuentes/backend/Colegio/pom.xml.
2024-12-02 16:42:40,768 [Worker-23: Updating Maven Project] INFO  o.e.m.j.i.AbstractJavaProjectConfigurator - Adding source folder /Colegio/src/main/java
2024-12-02 16:42:40,768 [Worker-23: Updating Maven Project] INFO  o.e.m.j.i.AbstractJavaProjectConfigurator - Adding resource folder /Colegio/src/main/resources
2024-12-02 16:42:40,769 [Worker-23: Updating Maven Project] INFO  o.e.m.j.i.AbstractJavaProjectConfigurator - Adding source folder /Colegio/src/test/java
2024-12-02 16:42:40,769 [Worker-23: Updating Maven Project] INFO  o.e.m.j.i.AbstractJavaProjectConfigurator - Adding resource folder /Colegio/src/test/resources
2024-12-02 16:42:40,847 [Worker-23: Updating Maven Project] INFO  o.e.m.c.i.p.ProjectConfigurationManager - Update completed for 1 poms: local refresh takes 0.00 sec, refresh facades takes 0.00 sec, update config takes 0.00 sec 
2024-12-02 16:42:41,282 [Worker-32: Building] WARN  o.a.m.s.f.DefaultMavenResourcesFiltering - Using platform encoding (UTF-8 actually) to copy filtered resources, i.e. build is platform dependent!
2024-12-02 16:42:41,301 [Worker-32: Building] INFO  o.a.m.s.f.DefaultMavenResourcesFiltering - Copying 1 resource from src/main/resources to target/classes
2024-12-02 16:42:41,341 [Worker-32: Building] WARN  o.a.m.s.f.DefaultMavenResourcesFiltering - Using platform encoding (UTF-8 actually) to copy filtered resources, i.e. build is platform dependent!
2024-12-02 16:42:41,341 [Worker-32: Building] INFO  o.a.m.s.f.DefaultMavenResourcesFiltering - skip non existing resourceDirectory /home/semillero/proyecto-colegio-quipux/fuentes/backend/Colegio/src/test/resources
2024-12-02 16:42:45,902 [Worker-31: Launching Executing install in _home_semillero_proyecto-colegio-quipux_fuentes_backend_Colegio] INFO  o.eclipse.m2e.core.internal.Bundles - getClasspathEntries(Bundle=org.eclipse.m2e.maven.runtime_3.9.900.20240824-1409 [640])
2024-12-02 16:42:45,903 [Worker-31: Launching Executing install in _home_semillero_proyecto-colegio-quipux_fuentes_backend_Colegio] INFO  o.eclipse.m2e.core.internal.Bundles - 	Entry: /home/semillero/.p2/pool/plugins/org.eclipse.m2e.maven.runtime_3.9.900.20240824-1409
2024-12-02 16:42:45,903 [Worker-31: Launching Executing install in _home_semillero_proyecto-colegio-quipux_fuentes_backend_Colegio] INFO  o.eclipse.m2e.core.internal.Bundles - 	Entry: /home/semillero/.p2/pool/plugins/org.eclipse.m2e.maven.runtime_3.9.900.20240824-1409/jars/aopalliance-1.0.jar
2024-12-02 16:42:45,903 [Worker-31: Launching Executing install in _home_semillero_proyecto-colegio-quipux_fuentes_backend_Colegio] INFO  o.eclipse.m2e.core.internal.Bundles - 	Entry: /home/semillero/.p2/pool/plugins/org.eclipse.m2e.maven.runtime_3.9.900.20240824-1409/jars/guice-5.1.0.jar
2024-12-02 16:42:45,903 [Worker-31: Launching Executing install in _home_semillero_proyecto-colegio-quipux_fuentes_backend_Colegio] INFO  o.eclipse.m2e.core.internal.Bundles - 	Entry: /home/semillero/.p2/pool/plugins/org.eclipse.m2e.maven.runtime_3.9.900.20240824-1409/jars/httpclient-4.5.14.jar
2024-12-02 16:42:45,903 [Worker-31: Launching Executing install in _home_semillero_proyecto-colegio-quipux_fuentes_backend_Colegio] INFO  o.eclipse.m2e.core.internal.Bundles - 	Entry: /home/semillero/.p2/pool/plugins/org.eclipse.m2e.maven.runtime_3.9.900.20240824-1409/jars/httpcore-4.4.16.jar
2024-12-02 16:42:45,905 [Worker-31: Launching Executing install in _home_semillero_proyecto-colegio-quipux_fuentes_backend_Colegio] INFO  o.eclipse.m2e.core.internal.Bundles - 	Entry: /home/semillero/.p2/pool/plugins/org.eclipse.m2e.maven.runtime_3.9.900.20240824-1409/jars/jansi-2.4.1.jar
2024-12-02 16:42:45,906 [Worker-31: Launching Executing install in _home_semillero_proyecto-colegio-quipux_fuentes_backend_Colegio] INFO  o.eclipse.m2e.core.internal.Bundles - 	Entry: /home/semillero/.p2/pool/plugins/org.eclipse.m2e.maven.runtime_3.9.900.20240824-1409/jars/jcl-over-slf4j-1.7.36.jar
2024-12-02 16:42:45,906 [Worker-31: Launching Executing install in _home_semillero_proyecto-colegio-quipux_fuentes_backend_Colegio] INFO  o.eclipse.m2e.core.internal.Bundles - 	Entry: /home/semillero/.p2/pool/plugins/org.eclipse.m2e.maven.runtime_3.9.900.20240824-1409/jars/maven-artifact-3.9.9.jar
2024-12-02 16:42:45,906 [Worker-31: Launching Executing install in _home_semillero_proyecto-colegio-quipux_fuentes_backend_Colegio] INFO  o.eclipse.m2e.core.internal.Bundles - 	Entry: /home/semillero/.p2/pool/plugins/org.eclipse.m2e.maven.runtime_3.9.900.20240824-1409/jars/maven-builder-support-3.9.9.jar
2024-12-02 16:42:45,906 [Worker-31: Launching Executing install in _home_semillero_proyecto-colegio-quipux_fuentes_backend_Colegio] INFO  o.eclipse.m2e.core.internal.Bundles - 	Entry: /home/semillero/.p2/pool/plugins/org.eclipse.m2e.maven.runtime_3.9.900.20240824-1409/jars/maven-compat-3.9.9.jar
2024-12-02 16:42:45,906 [Worker-31: Launching Executing install in _home_semillero_proyecto-colegio-quipux_fuentes_backend_Colegio] INFO  o.eclipse.m2e.core.internal.Bundles - 	Entry: /home/semillero/.p2/pool/plugins/org.eclipse.m2e.maven.runtime_3.9.900.20240824-1409/jars/maven-core-3.9.9.jar
2024-12-02 16:42:45,906 [Worker-31: Launching Executing install in _home_semillero_proyecto-colegio-quipux_fuentes_backend_Colegio] INFO  o.eclipse.m2e.core.internal.Bundles - 	Entry: /home/semillero/.p2/pool/plugins/org.eclipse.m2e.maven.runtime_3.9.900.20240824-1409/jars/maven-embedder-3.9.9.jar
2024-12-02 16:42:45,906 [Worker-31: Launching Executing install in _home_semillero_proyecto-colegio-quipux_fuentes_backend_Colegio] INFO  o.eclipse.m2e.core.internal.Bundles - 	Entry: /home/semillero/.p2/pool/plugins/org.eclipse.m2e.maven.runtime_3.9.900.20240824-1409/jars/maven-model-3.9.9.jar
2024-12-02 16:42:45,906 [Worker-31: Launching Executing install in _home_semillero_proyecto-colegio-quipux_fuentes_backend_Colegio] INFO  o.eclipse.m2e.core.internal.Bundles - 	Entry: /home/semillero/.p2/pool/plugins/org.eclipse.m2e.maven.runtime_3.9.900.20240824-1409/jars/maven-model-builder-3.9.9.jar
2024-12-02 16:42:45,906 [Worker-31: Launching Executing install in _home_semillero_proyecto-colegio-quipux_fuentes_backend_Colegio] INFO  o.eclipse.m2e.core.internal.Bundles - 	Entry: /home/semillero/.p2/pool/plugins/org.eclipse.m2e.maven.runtime_3.9.900.20240824-1409/jars/maven-plugin-api-3.9.9.jar
2024-12-02 16:42:45,906 [Worker-31: Launching Executing install in _home_semillero_proyecto-colegio-quipux_fuentes_backend_Colegio] INFO  o.eclipse.m2e.core.internal.Bundles - 	Entry: /home/semillero/.p2/pool/plugins/org.eclipse.m2e.maven.runtime_3.9.900.20240824-1409/jars/maven-repository-metadata-3.9.9.jar
2024-12-02 16:42:45,906 [Worker-31: Launching Executing install in _home_semillero_proyecto-colegio-quipux_fuentes_backend_Colegio] INFO  o.eclipse.m2e.core.internal.Bundles - 	Entry: /home/semillero/.p2/pool/plugins/org.eclipse.m2e.maven.runtime_3.9.900.20240824-1409/jars/maven-resolver-api-1.9.22.jar
2024-12-02 16:42:45,906 [Worker-31: Launching Executing install in _home_semillero_proyecto-colegio-quipux_fuentes_backend_Colegio] INFO  o.eclipse.m2e.core.internal.Bundles - 	Entry: /home/semillero/.p2/pool/plugins/org.eclipse.m2e.maven.runtime_3.9.900.20240824-1409/jars/maven-resolver-connector-basic-1.9.22.jar
2024-12-02 16:42:45,906 [Worker-31: Launching Executing install in _home_semillero_proyecto-colegio-quipux_fuentes_backend_Colegio] INFO  o.eclipse.m2e.core.internal.Bundles - 	Entry: /home/semillero/.p2/pool/plugins/org.eclipse.m2e.maven.runtime_3.9.900.20240824-1409/jars/maven-resolver-impl-1.9.22.jar
2024-12-02 16:42:45,906 [Worker-31: Launching Executing install in _home_semillero_proyecto-colegio-quipux_fuentes_backend_Colegio] INFO  o.eclipse.m2e.core.internal.Bundles - 	Entry: /home/semillero/.p2/pool/plugins/org.eclipse.m2e.maven.runtime_3.9.900.20240824-1409/jars/maven-resolver-named-locks-1.9.22.jar
2024-12-02 16:42:45,906 [Worker-31: Launching Executing install in _home_semillero_proyecto-colegio-quipux_fuentes_backend_Colegio] INFO  o.eclipse.m2e.core.internal.Bundles - 	Entry: /home/semillero/.p2/pool/plugins/org.eclipse.m2e.maven.runtime_3.9.900.20240824-1409/jars/maven-resolver-provider-3.9.9.jar
2024-12-02 16:42:45,906 [Worker-31: Launching Executing install in _home_semillero_proyecto-colegio-quipux_fuentes_backend_Colegio] INFO  o.eclipse.m2e.core.internal.Bundles - 	Entry: /home/semillero/.p2/pool/plugins/org.eclipse.m2e.maven.runtime_3.9.900.20240824-1409/jars/maven-resolver-spi-1.9.22.jar
2024-12-02 16:42:45,906 [Worker-31: Launching Executing install in _home_semillero_proyecto-colegio-quipux_fuentes_backend_Colegio] INFO  o.eclipse.m2e.core.internal.Bundles - 	Entry: /home/semillero/.p2/pool/plugins/org.eclipse.m2e.maven.runtime_3.9.900.20240824-1409/jars/maven-resolver-transport-file-1.9.22.jar
2024-12-02 16:42:45,906 [Worker-31: Launching Executing install in _home_semillero_proyecto-colegio-quipux_fuentes_backend_Colegio] INFO  o.eclipse.m2e.core.internal.Bundles - 	Entry: /home/semillero/.p2/pool/plugins/org.eclipse.m2e.maven.runtime_3.9.900.20240824-1409/jars/maven-resolver-transport-http-1.9.22.jar
2024-12-02 16:42:45,906 [Worker-31: Launching Executing install in _home_semillero_proyecto-colegio-quipux_fuentes_backend_Colegio] INFO  o.eclipse.m2e.core.internal.Bundles - 	Entry: /home/semillero/.p2/pool/plugins/org.eclipse.m2e.maven.runtime_3.9.900.20240824-1409/jars/maven-resolver-transport-wagon-1.9.22.jar
2024-12-02 16:42:45,906 [Worker-31: Launching Executing install in _home_semillero_proyecto-colegio-quipux_fuentes_backend_Colegio] INFO  o.eclipse.m2e.core.internal.Bundles - 	Entry: /home/semillero/.p2/pool/plugins/org.eclipse.m2e.maven.runtime_3.9.900.20240824-1409/jars/maven-resolver-util-1.9.22.jar
2024-12-02 16:42:45,907 [Worker-31: Launching Executing install in _home_semillero_proyecto-colegio-quipux_fuentes_backend_Colegio] INFO  o.eclipse.m2e.core.internal.Bundles - 	Entry: /home/semillero/.p2/pool/plugins/org.eclipse.m2e.maven.runtime_3.9.900.20240824-1409/jars/maven-settings-3.9.9.jar
2024-12-02 16:42:45,907 [Worker-31: Launching Executing install in _home_semillero_proyecto-colegio-quipux_fuentes_backend_Colegio] INFO  o.eclipse.m2e.core.internal.Bundles - 	Entry: /home/semillero/.p2/pool/plugins/org.eclipse.m2e.maven.runtime_3.9.900.20240824-1409/jars/maven-settings-builder-3.9.9.jar
2024-12-02 16:42:45,907 [Worker-31: Launching Executing install in _home_semillero_proyecto-colegio-quipux_fuentes_backend_Colegio] INFO  o.eclipse.m2e.core.internal.Bundles - 	Entry: /home/semillero/.p2/pool/plugins/org.eclipse.m2e.maven.runtime_3.9.900.20240824-1409/jars/maven-shared-utils-3.4.2.jar
2024-12-02 16:42:45,907 [Worker-31: Launching Executing install in _home_semillero_proyecto-colegio-quipux_fuentes_backend_Colegio] INFO  o.eclipse.m2e.core.internal.Bundles - 	Entry: /home/semillero/.p2/pool/plugins/org.eclipse.m2e.maven.runtime_3.9.900.20240824-1409/jars/org.eclipse.sisu.inject-0.9.0.M3.jar
2024-12-02 16:42:45,907 [Worker-31: Launching Executing install in _home_semillero_proyecto-colegio-quipux_fuentes_backend_Colegio] INFO  o.eclipse.m2e.core.internal.Bundles - 	Entry: /home/semillero/.p2/pool/plugins/org.eclipse.m2e.maven.runtime_3.9.900.20240824-1409/jars/org.eclipse.sisu.plexus-0.9.0.M3.jar
2024-12-02 16:42:45,907 [Worker-31: Launching Executing install in _home_semillero_proyecto-colegio-quipux_fuentes_backend_Colegio] INFO  o.eclipse.m2e.core.internal.Bundles - 	Entry: /home/semillero/.p2/pool/plugins/org.eclipse.m2e.maven.runtime_3.9.900.20240824-1409/jars/plexus-build-api-0.0.7.jar
2024-12-02 16:42:45,907 [Worker-31: Launching Executing install in _home_semillero_proyecto-colegio-quipux_fuentes_backend_Colegio] INFO  o.eclipse.m2e.core.internal.Bundles - 	Entry: /home/semillero/.p2/pool/plugins/org.eclipse.m2e.maven.runtime_3.9.900.20240824-1409/jars/plexus-build-api-1.2.0.jar
2024-12-02 16:42:45,907 [Worker-31: Launching Executing install in _home_semillero_proyecto-colegio-quipux_fuentes_backend_Colegio] INFO  o.eclipse.m2e.core.internal.Bundles - 	Entry: /home/semillero/.p2/pool/plugins/org.eclipse.m2e.maven.runtime_3.9.900.20240824-1409/jars/plexus-cipher-2.0.jar
2024-12-02 16:42:45,907 [Worker-31: Launching Executing install in _home_semillero_proyecto-colegio-quipux_fuentes_backend_Colegio] INFO  o.eclipse.m2e.core.internal.Bundles - 	Entry: /home/semillero/.p2/pool/plugins/org.eclipse.m2e.maven.runtime_3.9.900.20240824-1409/jars/plexus-classworlds-2.8.0.jar
2024-12-02 16:42:45,907 [Worker-31: Launching Executing install in _home_semillero_proyecto-colegio-quipux_fuentes_backend_Colegio] INFO  o.eclipse.m2e.core.internal.Bundles - 	Entry: /home/semillero/.p2/pool/plugins/org.eclipse.m2e.maven.runtime_3.9.900.20240824-1409/jars/plexus-component-annotations-2.1.0.jar
2024-12-02 16:42:45,907 [Worker-31: Launching Executing install in _home_semillero_proyecto-colegio-quipux_fuentes_backend_Colegio] INFO  o.eclipse.m2e.core.internal.Bundles - 	Entry: /home/semillero/.p2/pool/plugins/org.eclipse.m2e.maven.runtime_3.9.900.20240824-1409/jars/plexus-interpolation-1.27.jar
2024-12-02 16:42:45,907 [Worker-31: Launching Executing install in _home_semillero_proyecto-colegio-quipux_fuentes_backend_Colegio] INFO  o.eclipse.m2e.core.internal.Bundles - 	Entry: /home/semillero/.p2/pool/plugins/org.eclipse.m2e.maven.runtime_3.9.900.20240824-1409/jars/plexus-sec-dispatcher-2.0.jar
2024-12-02 16:42:45,907 [Worker-31: Launching Executing install in _home_semillero_proyecto-colegio-quipux_fuentes_backend_Colegio] INFO  o.eclipse.m2e.core.internal.Bundles - 	Entry: /home/semillero/.p2/pool/plugins/org.eclipse.m2e.maven.runtime_3.9.900.20240824-1409/jars/plexus-utils-3.5.1.jar
2024-12-02 16:42:45,907 [Worker-31: Launching Executing install in _home_semillero_proyecto-colegio-quipux_fuentes_backend_Colegio] INFO  o.eclipse.m2e.core.internal.Bundles - 	Entry: /home/semillero/.p2/pool/plugins/org.eclipse.m2e.maven.runtime_3.9.900.20240824-1409/jars/plexus-xml-3.0.1.jar
2024-12-02 16:42:45,907 [Worker-31: Launching Executing install in _home_semillero_proyecto-colegio-quipux_fuentes_backend_Colegio] INFO  o.eclipse.m2e.core.internal.Bundles - 	Entry: /home/semillero/.p2/pool/plugins/org.eclipse.m2e.maven.runtime_3.9.900.20240824-1409/jars/wagon-file-3.5.3.jar
2024-12-02 16:42:45,907 [Worker-31: Launching Executing install in _home_semillero_proyecto-colegio-quipux_fuentes_backend_Colegio] INFO  o.eclipse.m2e.core.internal.Bundles - 	Entry: /home/semillero/.p2/pool/plugins/org.eclipse.m2e.maven.runtime_3.9.900.20240824-1409/jars/wagon-http-3.5.3.jar
2024-12-02 16:42:45,907 [Worker-31: Launching Executing install in _home_semillero_proyecto-colegio-quipux_fuentes_backend_Colegio] INFO  o.eclipse.m2e.core.internal.Bundles - 	Entry: /home/semillero/.p2/pool/plugins/org.eclipse.m2e.maven.runtime_3.9.900.20240824-1409/jars/wagon-http-shared-3.5.3.jar
2024-12-02 16:42:45,907 [Worker-31: Launching Executing install in _home_semillero_proyecto-colegio-quipux_fuentes_backend_Colegio] INFO  o.eclipse.m2e.core.internal.Bundles - 	Entry: /home/semillero/.p2/pool/plugins/org.eclipse.m2e.maven.runtime_3.9.900.20240824-1409/jars/wagon-provider-api-3.5.3.jar
2024-12-02 16:42:45,908 [Worker-31: Launching Executing install in _home_semillero_proyecto-colegio-quipux_fuentes_backend_Colegio] INFO  o.eclipse.m2e.core.internal.Bundles - getClasspathEntries(Bundle=com.google.guava_33.3.0.jre [16])
2024-12-02 16:42:45,908 [Worker-31: Launching Executing install in _home_semillero_proyecto-colegio-quipux_fuentes_backend_Colegio] INFO  o.eclipse.m2e.core.internal.Bundles - 	Entry: /home/semillero/.p2/pool/plugins/com.google.guava_33.3.0.jre.jar
2024-12-02 16:42:45,908 [Worker-31: Launching Executing install in _home_semillero_proyecto-colegio-quipux_fuentes_backend_Colegio] INFO  o.eclipse.m2e.core.internal.Bundles - getClasspathEntries(Bundle=slf4j.api_2.0.16 [1004])
2024-12-02 16:42:45,908 [Worker-31: Launching Executing install in _home_semillero_proyecto-colegio-quipux_fuentes_backend_Colegio] INFO  o.eclipse.m2e.core.internal.Bundles - 	Entry: /home/semillero/.p2/pool/plugins/slf4j.api_2.0.16.jar
2024-12-02 16:42:45,908 [Worker-31: Launching Executing install in _home_semillero_proyecto-colegio-quipux_fuentes_backend_Colegio] INFO  o.eclipse.m2e.core.internal.Bundles - getClasspathEntries(Bundle=jakarta.inject.jakarta.inject-api_1.0.5 [34])
2024-12-02 16:42:45,908 [Worker-31: Launching Executing install in _home_semillero_proyecto-colegio-quipux_fuentes_backend_Colegio] INFO  o.eclipse.m2e.core.internal.Bundles - 	Entry: /home/semillero/.p2/pool/plugins/jakarta.inject.jakarta.inject-api_1.0.5.jar
2024-12-02 16:42:45,908 [Worker-31: Launching Executing install in _home_semillero_proyecto-colegio-quipux_fuentes_backend_Colegio] INFO  o.eclipse.m2e.core.internal.Bundles - getClasspathEntries(Bundle=jakarta.annotation-api_1.3.5 [29])
2024-12-02 16:42:45,908 [Worker-31: Launching Executing install in _home_semillero_proyecto-colegio-quipux_fuentes_backend_Colegio] INFO  o.eclipse.m2e.core.internal.Bundles - 	Entry: /home/semillero/.p2/pool/plugins/jakarta.annotation-api_1.3.5.jar
2024-12-02 16:42:45,908 [Worker-31: Launching Executing install in _home_semillero_proyecto-colegio-quipux_fuentes_backend_Colegio] INFO  o.eclipse.m2e.core.internal.Bundles - getClasspathEntries(Bundle=org.apache.commons.cli_1.9.0 [78])
2024-12-02 16:42:45,908 [Worker-31: Launching Executing install in _home_semillero_proyecto-colegio-quipux_fuentes_backend_Colegio] INFO  o.eclipse.m2e.core.internal.Bundles - 	Entry: /home/semillero/.p2/pool/plugins/org.apache.commons.cli_1.9.0.jar
2024-12-02 16:42:45,908 [Worker-31: Launching Executing install in _home_semillero_proyecto-colegio-quipux_fuentes_backend_Colegio] INFO  o.eclipse.m2e.core.internal.Bundles - getClasspathEntries(Bundle=org.apache.commons.commons-codec_1.16.0 [81])
2024-12-02 16:42:45,909 [Worker-31: Launching Executing install in _home_semillero_proyecto-colegio-quipux_fuentes_backend_Colegio] INFO  o.eclipse.m2e.core.internal.Bundles - 	Entry: /home/semillero/.p2/pool/plugins/org.apache.commons.commons-codec_1.16.0.jar
2024-12-02 16:42:45,909 [Worker-31: Launching Executing install in _home_semillero_proyecto-colegio-quipux_fuentes_backend_Colegio] INFO  o.eclipse.m2e.core.internal.Bundles - getClasspathEntries(Bundle=com.google.guava.failureaccess_1.0.2 [17])
2024-12-02 16:42:45,909 [Worker-31: Launching Executing install in _home_semillero_proyecto-colegio-quipux_fuentes_backend_Colegio] INFO  o.eclipse.m2e.core.internal.Bundles - 	Entry: /home/semillero/.p2/pool/plugins/com.google.guava.failureaccess_1.0.2.jar
2024-12-02 16:42:45,914 [Worker-31: Launching Executing install in _home_semillero_proyecto-colegio-quipux_fuentes_backend_Colegio] INFO  o.e.m.i.launch.MavenLaunchDelegate - Run build in "/home/semillero/proyecto-colegio-quipux/fuentes/backend/Colegio":
2024-12-02 16:42:45,915 [Worker-31: Launching Executing install in _home_semillero_proyecto-colegio-quipux_fuentes_backend_Colegio] INFO  o.e.m.i.launch.MavenLaunchDelegate -  mvn  -B -Dstyle.color=always install
2025-10-07 20:59:10,507 [Worker-3: Loading available Gradle versions] INFO  o.e.b.c.i.u.g.PublishedGradleVersions - Gradle version information cache is out-of-date. Trying to update.
2025-10-07 22:10:09,228 [Worker-1: Loading available Gradle versions] INFO  o.e.b.c.i.u.g.PublishedGradleVersions - Gradle version information cache is up-to-date. Trying to read.
2025-10-08 10:44:15,667 [Worker-1: Loading available Gradle versions] INFO  o.e.b.c.i.u.g.PublishedGradleVersions - Gradle version information cache is up-to-date. Trying to read.
2025-10-08 11:11:45,523 [Worker-2: Loading available Gradle versions] INFO  o.e.b.c.i.u.g.PublishedGradleVersions - Gradle version information cache is up-to-date. Trying to read.
2025-10-08 11:19:44,370 [Worker-3: Building] WARN  o.a.m.s.f.DefaultMavenResourcesFiltering - Using platform encoding (UTF-8 actually) to copy filtered resources, i.e. build is platform dependent!
2025-10-08 11:19:44,415 [Worker-3: Building] INFO  o.a.m.s.f.DefaultMavenResourcesFiltering - Copying 1 resource from src/main/resources to target/classes
2025-10-08 11:19:44,434 [Worker-3: Building] WARN  o.a.m.s.f.DefaultMavenResourcesFiltering - Using platform encoding (UTF-8 actually) to copy filtered resources, i.e. build is platform dependent!
2025-10-08 11:19:44,434 [Worker-3: Building] INFO  o.a.m.s.f.DefaultMavenResourcesFiltering - skip non existing resourceDirectory /home/semillero/proyecto-colegio-quipux/fuentes/backend/Colegio/src/test/resources
2025-10-08 11:20:44,546 [Worker-3: Building] WARN  o.a.m.s.f.DefaultMavenResourcesFiltering - Using platform encoding (UTF-8 actually) to copy filtered resources, i.e. build is platform dependent!
2025-10-08 11:20:44,595 [Worker-3: Building] INFO  o.a.m.s.f.DefaultMavenResourcesFiltering - Copying 0 resource from src/main/resources to target/classes
2025-10-08 11:20:44,613 [Worker-3: Building] WARN  o.a.m.s.f.DefaultMavenResourcesFiltering - Using platform encoding (UTF-8 actually) to copy filtered resources, i.e. build is platform dependent!
2025-10-08 11:20:44,619 [Worker-3: Building] INFO  o.a.m.s.f.DefaultMavenResourcesFiltering - skip non existing resourceDirectory /home/semillero/proyecto-colegio-quipux/fuentes/backend/Colegio/src/test/resources
2025-10-08 11:23:48,441 [Worker-10: Building] WARN  o.a.m.s.f.DefaultMavenResourcesFiltering - Using platform encoding (UTF-8 actually) to copy filtered resources, i.e. build is platform dependent!
2025-10-08 11:23:48,476 [Worker-10: Building] INFO  o.a.m.s.f.DefaultMavenResourcesFiltering - Copying 1 resource from src/main/resources to target/classes
2025-10-08 11:23:48,499 [Worker-10: Building] WARN  o.a.m.s.f.DefaultMavenResourcesFiltering - Using platform encoding (UTF-8 actually) to copy filtered resources, i.e. build is platform dependent!
2025-10-08 11:23:48,518 [Worker-10: Building] INFO  o.a.m.s.f.DefaultMavenResourcesFiltering - skip non existing resourceDirectory /home/semillero/proyecto-colegio-quipux/fuentes/backend/Colegio/src/test/resources
2025-10-08 11:30:10,273 [Worker-16: Building] WARN  o.a.m.s.f.DefaultMavenResourcesFiltering - Using platform encoding (UTF-8 actually) to copy filtered resources, i.e. build is platform dependent!
2025-10-08 11:30:10,294 [Worker-16: Building] INFO  o.a.m.s.f.DefaultMavenResourcesFiltering - Copying 1 resource from src/main/resources to target/classes
2025-10-08 11:30:10,316 [Worker-16: Building] WARN  o.a.m.s.f.DefaultMavenResourcesFiltering - Using platform encoding (UTF-8 actually) to copy filtered resources, i.e. build is platform dependent!
2025-10-08 11:30:10,316 [Worker-16: Building] INFO  o.a.m.s.f.DefaultMavenResourcesFiltering - skip non existing resourceDirectory /home/semillero/proyecto-colegio-quipux/fuentes/backend/Colegio/src/test/resources
2025-10-08 11:30:27,991 [Worker-11: Building] WARN  o.a.m.s.f.DefaultMavenResourcesFiltering - Using platform encoding (UTF-8 actually) to copy filtered resources, i.e. build is platform dependent!
2025-10-08 11:30:28,000 [Worker-11: Building] INFO  o.a.m.s.f.DefaultMavenResourcesFiltering - Copying 1 resource from src/main/resources to target/classes
2025-10-08 11:30:28,003 [Worker-11: Building] WARN  o.a.m.s.f.DefaultMavenResourcesFiltering - Using platform encoding (UTF-8 actually) to copy filtered resources, i.e. build is platform dependent!
2025-10-08 11:30:28,004 [Worker-11: Building] INFO  o.a.m.s.f.DefaultMavenResourcesFiltering - skip non existing resourceDirectory /home/semillero/proyecto-colegio-quipux/fuentes/backend/Colegio/src/test/resources
2025-10-08 11:33:01,717 [Worker-16: Building] WARN  o.a.m.s.f.DefaultMavenResourcesFiltering - Using platform encoding (UTF-8 actually) to copy filtered resources, i.e. build is platform dependent!
2025-10-08 11:33:01,728 [Worker-16: Building] INFO  o.a.m.s.f.DefaultMavenResourcesFiltering - Copying 1 resource from src/main/resources to target/classes
2025-10-08 11:33:01,745 [Worker-16: Building] WARN  o.a.m.s.f.DefaultMavenResourcesFiltering - Using platform encoding (UTF-8 actually) to copy filtered resources, i.e. build is platform dependent!
2025-10-08 11:33:01,746 [Worker-16: Building] INFO  o.a.m.s.f.DefaultMavenResourcesFiltering - skip non existing resourceDirectory /home/semillero/proyecto-colegio-quipux/fuentes/backend/Colegio/src/test/resources
2025-10-08 11:34:12,460 [Worker-18: Building] WARN  o.a.m.s.f.DefaultMavenResourcesFiltering - Using platform encoding (UTF-8 actually) to copy filtered resources, i.e. build is platform dependent!
2025-10-08 11:34:12,510 [Worker-18: Building] INFO  o.a.m.s.f.DefaultMavenResourcesFiltering - Copying 1 resource from src/main/resources to target/classes
2025-10-08 11:34:12,535 [Worker-18: Building] WARN  o.a.m.s.f.DefaultMavenResourcesFiltering - Using platform encoding (UTF-8 actually) to copy filtered resources, i.e. build is platform dependent!
2025-10-08 11:34:12,543 [Worker-18: Building] INFO  o.a.m.s.f.DefaultMavenResourcesFiltering - skip non existing resourceDirectory /home/semillero/proyecto-colegio-quipux/fuentes/backend/Colegio/src/test/resources
2025-10-08 11:34:30,570 [Worker-16: Building] WARN  o.a.m.s.f.DefaultMavenResourcesFiltering - Using platform encoding (UTF-8 actually) to copy filtered resources, i.e. build is platform dependent!
2025-10-08 11:34:30,583 [Worker-16: Building] INFO  o.a.m.s.f.DefaultMavenResourcesFiltering - Copying 1 resource from src/main/resources to target/classes
2025-10-08 11:34:30,676 [Worker-16: Building] WARN  o.a.m.s.f.DefaultMavenResourcesFiltering - Using platform encoding (UTF-8 actually) to copy filtered resources, i.e. build is platform dependent!
2025-10-08 11:34:30,677 [Worker-16: Building] INFO  o.a.m.s.f.DefaultMavenResourcesFiltering - skip non existing resourceDirectory /home/semillero/proyecto-colegio-quipux/fuentes/backend/Colegio/src/test/resources
2025-10-08 12:39:00,139 [Worker-1: Loading available Gradle versions] INFO  o.e.b.c.i.u.g.PublishedGradleVersions - Gradle version information cache is up-to-date. Trying to read.
2025-10-08 12:39:49,112 [Worker-3: Loading available Gradle versions] INFO  o.e.b.c.i.u.g.PublishedGradleVersions - Gradle version information cache is up-to-date. Trying to read.
2025-10-08 13:01:05,556 [Worker-4: Loading available Gradle versions] INFO  o.e.b.c.i.u.g.PublishedGradleVersions - Gradle version information cache is up-to-date. Trying to read.
2025-10-08 13:03:04,065 [Worker-0: Importing Maven projects] INFO  o.e.m.c.i.l.LifecycleMappingFactory - Using org.eclipse.m2e.jdt.JarLifecycleMapping lifecycle mapping for MavenProject: com.quipux:Colegio:0.0.1-SNAPSHOT @ /home/semillero/proyecto-colegio-quipux/fuentes/backend/Colegio/pom.xml.
2025-10-08 13:03:13,293 [Worker-0: Importing Maven projects] INFO  o.e.m.j.i.AbstractJavaProjectConfigurator - Adding source folder /Colegio/src/main/java
2025-10-08 13:03:13,356 [Worker-0: Importing Maven projects] INFO  o.e.m.j.i.AbstractJavaProjectConfigurator - Adding resource folder /Colegio/src/main/resources
2025-10-08 13:03:13,388 [Worker-0: Importing Maven projects] INFO  o.e.m.j.i.AbstractJavaProjectConfigurator - Adding source folder /Colegio/src/test/java
2025-10-08 13:03:13,396 [Worker-0: Importing Maven projects] INFO  o.e.m.j.i.AbstractJavaProjectConfigurator - Adding resource folder /Colegio/src/test/resources
2025-10-08 13:03:14,364 [Worker-0: Importing Maven projects] INFO  o.e.m.c.i.p.ProjectConfigurationManager - Imported and configured 1 project(s) in 16 sec
2025-10-08 13:03:32,200 [Worker-0: Building] WARN  o.a.m.s.f.DefaultMavenResourcesFiltering - Using platform encoding (UTF-8 actually) to copy filtered resources, i.e. build is platform dependent!
2025-10-08 13:03:32,351 [Worker-0: Building] INFO  o.a.m.s.f.DefaultMavenResourcesFiltering - Copying 1 resource from src/main/resources to target/classes
2025-10-08 13:03:32,480 [Worker-0: Building] WARN  o.a.m.s.f.DefaultMavenResourcesFiltering - Using platform encoding (UTF-8 actually) to copy filtered resources, i.e. build is platform dependent!
2025-10-08 13:03:32,495 [Worker-0: Building] INFO  o.a.m.s.f.DefaultMavenResourcesFiltering - skip non existing resourceDirectory /home/semillero/proyecto-colegio-quipux/fuentes/backend/Colegio/src/test/resources
2025-10-08 13:13:04,774 [Worker-3: Loading available Gradle versions] INFO  o.e.b.c.i.u.g.PublishedGradleVersions - Gradle version information cache is up-to-date. Trying to read.
2025-10-08 13:13:20,808 [Worker-3: Building] WARN  o.a.m.s.f.DefaultMavenResourcesFiltering - Using platform encoding (UTF-8 actually) to copy filtered resources, i.e. build is platform dependent!
2025-10-08 13:13:20,874 [Worker-3: Building] INFO  o.a.m.s.f.DefaultMavenResourcesFiltering - Copying 1 resource from src/main/resources to target/classes
2025-10-08 13:13:20,939 [Worker-3: Building] WARN  o.a.m.s.f.DefaultMavenResourcesFiltering - Using platform encoding (UTF-8 actually) to copy filtered resources, i.e. build is platform dependent!
2025-10-08 13:13:20,940 [Worker-3: Building] INFO  o.a.m.s.f.DefaultMavenResourcesFiltering - skip non existing resourceDirectory /home/semillero/proyecto-colegio-quipux/fuentes/backend/Colegio/src/test/resources
2025-10-08 13:14:23,797 [Worker-2: Building] WARN  o.a.m.s.f.DefaultMavenResourcesFiltering - Using platform encoding (UTF-8 actually) to copy filtered resources, i.e. build is platform dependent!
2025-10-08 13:14:23,825 [Worker-2: Building] INFO  o.a.m.s.f.DefaultMavenResourcesFiltering - Copying 1 resource from src/main/resources to target/classes
2025-10-08 13:14:23,856 [Worker-2: Building] WARN  o.a.m.s.f.DefaultMavenResourcesFiltering - Using platform encoding (UTF-8 actually) to copy filtered resources, i.e. build is platform dependent!
2025-10-08 13:14:23,870 [Worker-2: Building] INFO  o.a.m.s.f.DefaultMavenResourcesFiltering - skip non existing resourceDirectory /home/semillero/proyecto-colegio-quipux/fuentes/backend/Colegio/src/test/resources
2025-10-08 13:14:28,877 [Worker-7: Building] WARN  o.a.m.s.f.DefaultMavenResourcesFiltering - Using platform encoding (UTF-8 actually) to copy filtered resources, i.e. build is platform dependent!
2025-10-08 13:14:28,884 [Worker-7: Building] INFO  o.a.m.s.f.DefaultMavenResourcesFiltering - Copying 1 resource from src/main/resources to target/classes
2025-10-08 13:14:28,891 [Worker-7: Building] WARN  o.a.m.s.f.DefaultMavenResourcesFiltering - Using platform encoding (UTF-8 actually) to copy filtered resources, i.e. build is platform dependent!
2025-10-08 13:14:28,892 [Worker-7: Building] INFO  o.a.m.s.f.DefaultMavenResourcesFiltering - skip non existing resourceDirectory /home/semillero/proyecto-colegio-quipux/fuentes/backend/Colegio/src/test/resources
2025-10-08 17:34:54,524 [Worker-5: Loading available Gradle versions] INFO  o.e.b.c.i.u.g.PublishedGradleVersions - Gradle version information cache is up-to-date. Trying to read.
2025-10-08 17:54:14,242 [Worker-12: Building] WARN  o.a.m.s.f.DefaultMavenResourcesFiltering - Using platform encoding (UTF-8 actually) to copy filtered resources, i.e. build is platform dependent!
2025-10-08 17:54:14,715 [Worker-12: Building] INFO  o.a.m.s.f.DefaultMavenResourcesFiltering - Copying 1 resource from src/main/resources to target/classes
2025-10-08 17:54:14,751 [Worker-12: Building] WARN  o.a.m.s.f.DefaultMavenResourcesFiltering - Using platform encoding (UTF-8 actually) to copy filtered resources, i.e. build is platform dependent!
2025-10-08 17:54:14,759 [Worker-12: Building] INFO  o.a.m.s.f.DefaultMavenResourcesFiltering - skip non existing resourceDirectory /home/semillero/proyecto-colegio-quipux/fuentes/backend/Colegio/src/test/resources
2025-10-08 17:54:52,861 [Worker-14: Building] WARN  o.a.m.s.f.DefaultMavenResourcesFiltering - Using platform encoding (UTF-8 actually) to copy filtered resources, i.e. build is platform dependent!
2025-10-08 17:54:52,877 [Worker-14: Building] INFO  o.a.m.s.f.DefaultMavenResourcesFiltering - Copying 1 resource from src/main/resources to target/classes
2025-10-08 17:54:52,889 [Worker-14: Building] WARN  o.a.m.s.f.DefaultMavenResourcesFiltering - Using platform encoding (UTF-8 actually) to copy filtered resources, i.e. build is platform dependent!
2025-10-08 17:54:52,890 [Worker-14: Building] INFO  o.a.m.s.f.DefaultMavenResourcesFiltering - skip non existing resourceDirectory /home/semillero/proyecto-colegio-quipux/fuentes/backend/Colegio/src/test/resources
2025-10-08 18:04:33,235 [Worker-18: Building] WARN  o.a.m.s.f.DefaultMavenResourcesFiltering - Using platform encoding (UTF-8 actually) to copy filtered resources, i.e. build is platform dependent!
2025-10-08 18:04:33,242 [Worker-18: Building] INFO  o.a.m.s.f.DefaultMavenResourcesFiltering - Copying 1 resource from src/main/resources to target/classes
2025-10-08 18:04:33,257 [Worker-18: Building] WARN  o.a.m.s.f.DefaultMavenResourcesFiltering - Using platform encoding (UTF-8 actually) to copy filtered resources, i.e. build is platform dependent!
2025-10-08 18:04:33,258 [Worker-18: Building] INFO  o.a.m.s.f.DefaultMavenResourcesFiltering - skip non existing resourceDirectory /home/semillero/proyecto-colegio-quipux/fuentes/backend/Colegio/src/test/resources
2025-10-08 18:05:35,999 [Worker-19: Building] WARN  o.a.m.s.f.DefaultMavenResourcesFiltering - Using platform encoding (UTF-8 actually) to copy filtered resources, i.e. build is platform dependent!
2025-10-08 18:05:36,013 [Worker-19: Building] INFO  o.a.m.s.f.DefaultMavenResourcesFiltering - Copying 1 resource from src/main/resources to target/classes
2025-10-08 18:05:36,034 [Worker-19: Building] WARN  o.a.m.s.f.DefaultMavenResourcesFiltering - Using platform encoding (UTF-8 actually) to copy filtered resources, i.e. build is platform dependent!
2025-10-08 18:05:36,035 [Worker-19: Building] INFO  o.a.m.s.f.DefaultMavenResourcesFiltering - skip non existing resourceDirectory /home/semillero/proyecto-colegio-quipux/fuentes/backend/Colegio/src/test/resources
2025-10-08 18:05:41,668 [Worker-19: Building] WARN  o.a.m.s.f.DefaultMavenResourcesFiltering - Using platform encoding (UTF-8 actually) to copy filtered resources, i.e. build is platform dependent!
2025-10-08 18:05:41,673 [Worker-19: Building] INFO  o.a.m.s.f.DefaultMavenResourcesFiltering - Copying 1 resource from src/main/resources to target/classes
2025-10-08 18:05:41,739 [Worker-19: Building] WARN  o.a.m.s.f.DefaultMavenResourcesFiltering - Using platform encoding (UTF-8 actually) to copy filtered resources, i.e. build is platform dependent!
2025-10-08 18:05:41,740 [Worker-19: Building] INFO  o.a.m.s.f.DefaultMavenResourcesFiltering - skip non existing resourceDirectory /home/semillero/proyecto-colegio-quipux/fuentes/backend/Colegio/src/test/resources
2025-10-08 18:05:46,915 [Worker-18: Building] WARN  o.a.m.s.f.DefaultMavenResourcesFiltering - Using platform encoding (UTF-8 actually) to copy filtered resources, i.e. build is platform dependent!
2025-10-08 18:05:46,938 [Worker-18: Building] INFO  o.a.m.s.f.DefaultMavenResourcesFiltering - Copying 1 resource from src/main/resources to target/classes
2025-10-08 18:05:46,958 [Worker-18: Building] WARN  o.a.m.s.f.DefaultMavenResourcesFiltering - Using platform encoding (UTF-8 actually) to copy filtered resources, i.e. build is platform dependent!
2025-10-08 18:05:46,959 [Worker-18: Building] INFO  o.a.m.s.f.DefaultMavenResourcesFiltering - skip non existing resourceDirectory /home/semillero/proyecto-colegio-quipux/fuentes/backend/Colegio/src/test/resources
2025-10-08 18:05:50,343 [Worker-17: Building] WARN  o.a.m.s.f.DefaultMavenResourcesFiltering - Using platform encoding (UTF-8 actually) to copy filtered resources, i.e. build is platform dependent!
2025-10-08 18:05:50,345 [Worker-17: Building] INFO  o.a.m.s.f.DefaultMavenResourcesFiltering - Copying 1 resource from src/main/resources to target/classes
2025-10-08 18:05:50,363 [Worker-17: Building] WARN  o.a.m.s.f.DefaultMavenResourcesFiltering - Using platform encoding (UTF-8 actually) to copy filtered resources, i.e. build is platform dependent!
2025-10-08 18:05:50,364 [Worker-17: Building] INFO  o.a.m.s.f.DefaultMavenResourcesFiltering - skip non existing resourceDirectory /home/semillero/proyecto-colegio-quipux/fuentes/backend/Colegio/src/test/resources
2025-10-08 18:06:05,729 [Worker-18: Building] WARN  o.a.m.s.f.DefaultMavenResourcesFiltering - Using platform encoding (UTF-8 actually) to copy filtered resources, i.e. build is platform dependent!
2025-10-08 18:06:05,731 [Worker-18: Building] INFO  o.a.m.s.f.DefaultMavenResourcesFiltering - Copying 1 resource from src/main/resources to target/classes
2025-10-08 18:06:05,765 [Worker-18: Building] WARN  o.a.m.s.f.DefaultMavenResourcesFiltering - Using platform encoding (UTF-8 actually) to copy filtered resources, i.e. build is platform dependent!
2025-10-08 18:06:05,780 [Worker-18: Building] INFO  o.a.m.s.f.DefaultMavenResourcesFiltering - skip non existing resourceDirectory /home/semillero/proyecto-colegio-quipux/fuentes/backend/Colegio/src/test/resources
2025-10-08 18:16:39,801 [Worker-4: Loading available Gradle versions] INFO  o.e.b.c.i.u.g.PublishedGradleVersions - Gradle version information cache is up-to-date. Trying to read.
2025-10-08 18:17:03,661 [Worker-2: Building] WARN  o.a.m.s.f.DefaultMavenResourcesFiltering - Using platform encoding (UTF-8 actually) to copy filtered resources, i.e. build is platform dependent!
2025-10-08 18:17:03,742 [Worker-2: Building] INFO  o.a.m.s.f.DefaultMavenResourcesFiltering - Copying 1 resource from src/main/resources to target/classes
2025-10-08 18:17:03,823 [Worker-2: Building] WARN  o.a.m.s.f.DefaultMavenResourcesFiltering - Using platform encoding (UTF-8 actually) to copy filtered resources, i.e. build is platform dependent!
2025-10-08 18:17:03,824 [Worker-2: Building] INFO  o.a.m.s.f.DefaultMavenResourcesFiltering - skip non existing resourceDirectory /home/semillero/proyecto-colegio-quipux/fuentes/backend/Colegio/src/test/resources
2025-10-08 18:20:19,132 [Worker-14: Building] WARN  o.a.m.s.f.DefaultMavenResourcesFiltering - Using platform encoding (UTF-8 actually) to copy filtered resources, i.e. build is platform dependent!
2025-10-08 18:20:19,174 [Worker-14: Building] INFO  o.a.m.s.f.DefaultMavenResourcesFiltering - Copying 1 resource from src/main/resources to target/classes
2025-10-08 18:20:19,214 [Worker-14: Building] WARN  o.a.m.s.f.DefaultMavenResourcesFiltering - Using platform encoding (UTF-8 actually) to copy filtered resources, i.e. build is platform dependent!
2025-10-08 18:20:19,215 [Worker-14: Building] INFO  o.a.m.s.f.DefaultMavenResourcesFiltering - skip non existing resourceDirectory /home/semillero/proyecto-colegio-quipux/fuentes/backend/Colegio/src/test/resources
2025-10-08 21:15:58,323 [Worker-37: Building] WARN  o.a.m.s.f.DefaultMavenResourcesFiltering - Using platform encoding (UTF-8 actually) to copy filtered resources, i.e. build is platform dependent!
2025-10-08 21:15:58,360 [Worker-37: Building] INFO  o.a.m.s.f.DefaultMavenResourcesFiltering - Copying 0 resource from src/main/resources to target/classes
2025-10-08 21:15:58,382 [Worker-37: Building] WARN  o.a.m.s.f.DefaultMavenResourcesFiltering - Using platform encoding (UTF-8 actually) to copy filtered resources, i.e. build is platform dependent!
2025-10-08 21:15:58,383 [Worker-37: Building] INFO  o.a.m.s.f.DefaultMavenResourcesFiltering - skip non existing resourceDirectory /home/semillero/proyecto-colegio-quipux/fuentes/backend/Colegio/src/test/resources
2025-10-08 21:16:10,739 [Worker-37: Building] WARN  o.a.m.s.f.DefaultMavenResourcesFiltering - Using platform encoding (UTF-8 actually) to copy filtered resources, i.e. build is platform dependent!
2025-10-08 21:16:10,740 [Worker-37: Building] INFO  o.a.m.s.f.DefaultMavenResourcesFiltering - Copying 1 resource from src/main/resources to target/classes
2025-10-08 21:16:10,759 [Worker-37: Building] WARN  o.a.m.s.f.DefaultMavenResourcesFiltering - Using platform encoding (UTF-8 actually) to copy filtered resources, i.e. build is platform dependent!
2025-10-08 21:16:10,760 [Worker-37: Building] INFO  o.a.m.s.f.DefaultMavenResourcesFiltering - skip non existing resourceDirectory /home/semillero/proyecto-colegio-quipux/fuentes/backend/Colegio/src/test/resources
2025-10-09 14:38:13,992 [Worker-5: Loading available Gradle versions] INFO  o.e.b.c.i.u.g.PublishedGradleVersions - Gradle version information cache is out-of-date. Trying to update.
2025-10-09 14:41:08,451 [Worker-9: Launching Main] WARN  o.a.m.s.f.DefaultMavenResourcesFiltering - Using platform encoding (UTF-8 actually) to copy filtered resources, i.e. build is platform dependent!
2025-10-09 14:41:08,494 [Worker-9: Launching Main] INFO  o.a.m.s.f.DefaultMavenResourcesFiltering - Copying 1 resource from src/main/resources to target/classes
2025-10-09 14:41:08,528 [Worker-9: Launching Main] WARN  o.a.m.s.f.DefaultMavenResourcesFiltering - Using platform encoding (UTF-8 actually) to copy filtered resources, i.e. build is platform dependent!
2025-10-09 14:41:08,529 [Worker-9: Launching Main] INFO  o.a.m.s.f.DefaultMavenResourcesFiltering - skip non existing resourceDirectory /home/semillero/proyecto-colegio-quipux/fuentes/backend/Colegio/src/test/resources
2025-10-09 18:25:51,122 [Worker-27: Building] WARN  o.a.m.s.f.DefaultMavenResourcesFiltering - Using platform encoding (UTF-8 actually) to copy filtered resources, i.e. build is platform dependent!
2025-10-09 18:25:51,131 [Worker-27: Building] INFO  o.a.m.s.f.DefaultMavenResourcesFiltering - Copying 1 resource from src/main/resources to target/classes
2025-10-09 18:25:51,146 [Worker-27: Building] WARN  o.a.m.s.f.DefaultMavenResourcesFiltering - Using platform encoding (UTF-8 actually) to copy filtered resources, i.e. build is platform dependent!
2025-10-09 18:25:51,148 [Worker-27: Building] INFO  o.a.m.s.f.DefaultMavenResourcesFiltering - skip non existing resourceDirectory /home/semillero/proyecto-colegio-quipux/fuentes/backend/Colegio/src/test/resources
2025-10-09 18:26:46,465 [Worker-29: Building] WARN  o.a.m.s.f.DefaultMavenResourcesFiltering - Using platform encoding (UTF-8 actually) to copy filtered resources, i.e. build is platform dependent!
2025-10-09 18:26:46,468 [Worker-29: Building] INFO  o.a.m.s.f.DefaultMavenResourcesFiltering - Copying 1 resource from src/main/resources to target/classes
2025-10-09 18:26:46,478 [Worker-29: Building] WARN  o.a.m.s.f.DefaultMavenResourcesFiltering - Using platform encoding (UTF-8 actually) to copy filtered resources, i.e. build is platform dependent!
2025-10-09 18:26:46,478 [Worker-29: Building] INFO  o.a.m.s.f.DefaultMavenResourcesFiltering - skip non existing resourceDirectory /home/semillero/proyecto-colegio-quipux/fuentes/backend/Colegio/src/test/resources
2025-10-09 18:30:25,223 [Worker-30: Building] WARN  o.a.m.s.f.DefaultMavenResourcesFiltering - Using platform encoding (UTF-8 actually) to copy filtered resources, i.e. build is platform dependent!
2025-10-09 18:30:25,224 [Worker-30: Building] INFO  o.a.m.s.f.DefaultMavenResourcesFiltering - Copying 1 resource from src/main/resources to target/classes
2025-10-09 18:30:25,243 [Worker-30: Building] WARN  o.a.m.s.f.DefaultMavenResourcesFiltering - Using platform encoding (UTF-8 actually) to copy filtered resources, i.e. build is platform dependent!
2025-10-09 18:30:25,243 [Worker-30: Building] INFO  o.a.m.s.f.DefaultMavenResourcesFiltering - skip non existing resourceDirectory /home/semillero/proyecto-colegio-quipux/fuentes/backend/Colegio/src/test/resources
2025-10-09 18:33:12,862 [Worker-31: Building] WARN  o.a.m.s.f.DefaultMavenResourcesFiltering - Using platform encoding (UTF-8 actually) to copy filtered resources, i.e. build is platform dependent!
2025-10-09 18:33:12,862 [Worker-31: Building] INFO  o.a.m.s.f.DefaultMavenResourcesFiltering - Copying 1 resource from src/main/resources to target/classes
2025-10-09 18:33:12,870 [Worker-31: Building] WARN  o.a.m.s.f.DefaultMavenResourcesFiltering - Using platform encoding (UTF-8 actually) to copy filtered resources, i.e. build is platform dependent!
2025-10-09 18:33:12,870 [Worker-31: Building] INFO  o.a.m.s.f.DefaultMavenResourcesFiltering - skip non existing resourceDirectory /home/semillero/proyecto-colegio-quipux/fuentes/backend/Colegio/src/test/resources
